<?xml version="1.0" encoding="UTF-8"?>
<!-- Generated by org.testng.reporters.JUnitXMLReporter -->
<testsuite hostname="PUN-YMANGDE01" ignored="0" name="Surefire test" tests="16" failures="0" timestamp="2019-01-17T19:32:37 IST" time="0.252" errors="0">
  <testcase name="testDepositException" time="0.024" classname="com.nuance.him.service.AccountServiceImplTest"/>
  <testcase name="testDeposite" time="0.001" classname="com.nuance.him.service.AccountServiceImplTest"/>
  <testcase name="testGetAccountDetail" time="0.001" classname="com.nuance.him.service.AccountServiceImplTest"/>
  <testcase name="testGetAccountDetailException" time="0.0" classname="com.nuance.him.service.AccountServiceImplTest"/>
  <testcase name="testGetBalance" time="0.0" classname="com.nuance.him.service.AccountServiceImplTest"/>
  <testcase name="testGetBalanceException" time="0.001" classname="com.nuance.him.service.AccountServiceImplTest"/>
  <testcase name="testOpenAccount" time="0.001" classname="com.nuance.him.service.AccountServiceImplTest"/>
  <testcase name="testOpenAccountException" time="0.001" classname="com.nuance.him.service.AccountServiceImplTest"/>
  <testcase name="testAddCustomer" time="0.0" classname="com.nuance.him.service.CustomerServiceImplTest"/>
  <testcase name="testAddCustomerException" time="0.001" classname="com.nuance.him.service.CustomerServiceImplTest"/>
  <testcase name="testDisplayCustomer" time="0.0" classname="com.nuance.him.service.CustomerServiceImplTest"/>
  <testcase name="testDisplayCustomerException" time="0.0" classname="com.nuance.him.service.CustomerServiceImplTest"/>
  <testcase name="testTransactionHistory" time="0.0" classname="com.nuance.him.service.TransferAmountServiceImplTest"/>
  <testcase name="testTransactionHistoryException" time="0.001" classname="com.nuance.him.service.TransferAmountServiceImplTest"/>
  <testcase name="testTransferAmount" time="0.0" classname="com.nuance.him.service.TransferAmountServiceImplTest"/>
  <testcase name="testTransferAmountException" time="0.0" classname="com.nuance.him.service.TransferAmountServiceImplTest"/>
</testsuite> <!-- Surefire test -->
