<?xml version="1.0" encoding="UTF-8"?>
<!-- Generated by org.testng.reporters.JUnitXMLReporter -->
<testsuite hostname="PUN-YMANGDE01" ignored="0" name="Surefire test" tests="4" failures="0" timestamp="2019-01-11T11:13:13 IST" time="0.231" errors="0">
  <testcase name="testAddCustomer" time="0.022" classname="com.nuance.him.service.customer.CustomerServiceImplTest"/>
  <testcase name="testAddCustomerException" time="0.003" classname="com.nuance.him.service.customer.CustomerServiceImplTest"/>
  <testcase name="testDisplayCustomer" time="0.001" classname="com.nuance.him.service.customer.CustomerServiceImplTest"/>
  <testcase name="testDisplayCustomerException" time="0.0" classname="com.nuance.him.service.customer.CustomerServiceImplTest"/>
</testsuite> <!-- Surefire test -->
