<?xml version="1.0" encoding="UTF-8"?>
<!-- Generated by org.testng.reporters.JUnitReportReporter -->
<testsuite skipped="0" hostname="PUN-YMANGDE01" name="com.nuance.him.config.transaction.TransactionDaoConfigTest" tests="1" failures="0" timestamp="2019-01-17T12:51:04 IST" time="0.001" errors="0">
  <testcase name="testTransactionDao" time="0.001" classname="com.nuance.him.config.transaction.TransactionDaoConfigTest"/>
</testsuite> <!-- com.nuance.him.config.transaction.TransactionDaoConfigTest -->
