<?xml version="1.0" encoding="UTF-8"?>
<!-- Generated by org.testng.reporters.JUnitXMLReporter -->
<testsuite hostname="PUN-YMANGDE01" name="Surefire test" tests="2" failures="0" timestamp="11 Jan 2019 05:43:16 GMT" time="1.394" errors="0">
  <testcase name="testAddCustomer" time="0.071" classname="com.nuance.him.controller.test.CustomerControllerTest"/>
  <testcase name="testDisplayCustomers" time="0.016" classname="com.nuance.him.controller.test.CustomerControllerTest"/>
</testsuite> <!-- Surefire test -->
