<?xml version="1.0" encoding="UTF-8"?>
<!-- Generated by org.testng.reporters.JUnitXMLReporter -->
<testsuite hostname="PUN-YMANGDE01" name="Surefire test" tests="9" failures="0" timestamp="17 Jan 2019 14:02:41 GMT" time="1.542" errors="0">
  <testcase name="testDepositeAmount" time="0.074" classname="com.nuance.him.controller.test.AccountControllerTest"/>
  <testcase name="testGetAccountDetail" time="0.002" classname="com.nuance.him.controller.test.AccountControllerTest"/>
  <testcase name="testGetBalance" time="0.005" classname="com.nuance.him.controller.test.AccountControllerTest"/>
  <testcase name="testOpenAccount" time="0.006" classname="com.nuance.him.controller.test.AccountControllerTest"/>
  <testcase name="testOpenAccountValidation" time="0.021" classname="com.nuance.him.controller.test.AccountControllerTest"/>
  <testcase name="testAddCustomer" time="0.007" classname="com.nuance.him.controller.test.CustomerControllerTest"/>
  <testcase name="testDisplayCustomers" time="0.025" classname="com.nuance.him.controller.test.CustomerControllerTest"/>
  <testcase name="testTransactionHistory" time="0.003" classname="com.nuance.him.controller.test.TransferAmountControllerTest"/>
  <testcase name="testTransferAmount" time="0.008" classname="com.nuance.him.controller.test.TransferAmountControllerTest"/>
</testsuite> <!-- Surefire test -->
