<?xml version="1.0" encoding="UTF-8"?>
<testng-results skipped="0" failed="0" total="15" passed="15">
  <reporter-output>
  </reporter-output>
  <suite name="Surefire suite" duration-ms="2467" started-at="2019-02-25T12:13:32Z" finished-at="2019-02-25T12:13:35Z">
    <groups>
    </groups>
    <test name="Surefire test" duration-ms="2467" started-at="2019-02-25T12:13:32Z" finished-at="2019-02-25T12:13:35Z">
      <class name="com.nuance.him.config.account.AccountServiceConfigTest">
        <test-method status="PASS" signature="springTestContextPrepareTestInstance()[pri:0, instance:com.nuance.him.config.account.AccountServiceConfigTest@78186a70]" name="springTestContextPrepareTestInstance" is-config="true" duration-ms="82" started-at="2019-02-25T17:43:33Z" depends-on-methods="org.springframework.test.context.testng.AbstractTestNGSpringContextTests.springTestContextBeforeTestClass" finished-at="2019-02-25T17:43:34Z">
          <reporter-output>
          </reporter-output>
        </test-method> <!-- springTestContextPrepareTestInstance -->
        <test-method status="PASS" signature="springTestContextBeforeTestClass()[pri:0, instance:com.nuance.him.config.account.AccountServiceConfigTest@78186a70]" name="springTestContextBeforeTestClass" is-config="true" duration-ms="0" started-at="2019-02-25T17:43:33Z" finished-at="2019-02-25T17:43:33Z">
          <reporter-output>
          </reporter-output>
        </test-method> <!-- springTestContextBeforeTestClass -->
        <test-method status="PASS" signature="springTestContextBeforeTestMethod(java.lang.reflect.Method)[pri:0, instance:com.nuance.him.config.account.AccountServiceConfigTest@78186a70]" name="springTestContextBeforeTestMethod" is-config="true" duration-ms="1" started-at="2019-02-25T17:43:34Z" finished-at="2019-02-25T17:43:34Z">
          <params>
            <param index="0">
              <value>
                <![CDATA[public void com.nuance.him.config.account.AccountServiceConfigTest.testCustomerServices()]]>
              </value>
            </param>
          </params>
          <reporter-output>
          </reporter-output>
        </test-method> <!-- springTestContextBeforeTestMethod -->
        <test-method status="PASS" signature="testCustomerServices()[pri:0, instance:com.nuance.him.config.account.AccountServiceConfigTest@78186a70]" name="testCustomerServices" duration-ms="0" started-at="2019-02-25T17:43:34Z" finished-at="2019-02-25T17:43:34Z">
          <reporter-output>
          </reporter-output>
        </test-method> <!-- testCustomerServices -->
        <test-method status="PASS" signature="springTestContextAfterTestClass()[pri:0, instance:com.nuance.him.config.account.AccountServiceConfigTest@78186a70]" name="springTestContextAfterTestClass" is-config="true" duration-ms="0" started-at="2019-02-25T17:43:34Z" finished-at="2019-02-25T17:43:34Z">
          <reporter-output>
          </reporter-output>
        </test-method> <!-- springTestContextAfterTestClass -->
        <test-method status="PASS" signature="springTestContextAfterTestMethod(java.lang.reflect.Method)[pri:0, instance:com.nuance.him.config.account.AccountServiceConfigTest@78186a70]" name="springTestContextAfterTestMethod" is-config="true" duration-ms="0" started-at="2019-02-25T17:43:34Z" finished-at="2019-02-25T17:43:34Z">
          <params>
            <param index="0">
              <value>
                <![CDATA[public void com.nuance.him.config.account.AccountServiceConfigTest.testCustomerServices()]]>
              </value>
            </param>
          </params>
          <reporter-output>
          </reporter-output>
        </test-method> <!-- springTestContextAfterTestMethod -->
      </class> <!-- com.nuance.him.config.account.AccountServiceConfigTest -->
      <class name="com.nuance.him.config.transaction.TransferAmountServiceConfigTest">
        <test-method status="PASS" signature="springTestContextBeforeTestClass()[pri:0, instance:com.nuance.him.config.transaction.TransferAmountServiceConfigTest@4d1b0d2a]" name="springTestContextBeforeTestClass" is-config="true" duration-ms="0" started-at="2019-02-25T17:43:35Z" finished-at="2019-02-25T17:43:35Z">
          <reporter-output>
          </reporter-output>
        </test-method> <!-- springTestContextBeforeTestClass -->
        <test-method status="PASS" signature="springTestContextPrepareTestInstance()[pri:0, instance:com.nuance.him.config.transaction.TransferAmountServiceConfigTest@4d1b0d2a]" name="springTestContextPrepareTestInstance" is-config="true" duration-ms="86" started-at="2019-02-25T17:43:35Z" depends-on-methods="org.springframework.test.context.testng.AbstractTestNGSpringContextTests.springTestContextBeforeTestClass" finished-at="2019-02-25T17:43:35Z">
          <reporter-output>
          </reporter-output>
        </test-method> <!-- springTestContextPrepareTestInstance -->
        <test-method status="PASS" signature="springTestContextBeforeTestMethod(java.lang.reflect.Method)[pri:0, instance:com.nuance.him.config.transaction.TransferAmountServiceConfigTest@4d1b0d2a]" name="springTestContextBeforeTestMethod" is-config="true" duration-ms="1" started-at="2019-02-25T17:43:35Z" finished-at="2019-02-25T17:43:35Z">
          <params>
            <param index="0">
              <value>
                <![CDATA[public void com.nuance.him.config.transaction.TransferAmountServiceConfigTest.testTransactionServices()]]>
              </value>
            </param>
          </params>
          <reporter-output>
          </reporter-output>
        </test-method> <!-- springTestContextBeforeTestMethod -->
        <test-method status="PASS" signature="springTestContextAfterTestClass()[pri:0, instance:com.nuance.him.config.transaction.TransferAmountServiceConfigTest@4d1b0d2a]" name="springTestContextAfterTestClass" is-config="true" duration-ms="0" started-at="2019-02-25T17:43:35Z" finished-at="2019-02-25T17:43:35Z">
          <reporter-output>
          </reporter-output>
        </test-method> <!-- springTestContextAfterTestClass -->
        <test-method status="PASS" signature="testTransactionServices()[pri:0, instance:com.nuance.him.config.transaction.TransferAmountServiceConfigTest@4d1b0d2a]" name="testTransactionServices" duration-ms="0" started-at="2019-02-25T17:43:35Z" finished-at="2019-02-25T17:43:35Z">
          <reporter-output>
          </reporter-output>
        </test-method> <!-- testTransactionServices -->
        <test-method status="PASS" signature="springTestContextAfterTestMethod(java.lang.reflect.Method)[pri:0, instance:com.nuance.him.config.transaction.TransferAmountServiceConfigTest@4d1b0d2a]" name="springTestContextAfterTestMethod" is-config="true" duration-ms="0" started-at="2019-02-25T17:43:35Z" finished-at="2019-02-25T17:43:35Z">
          <params>
            <param index="0">
              <value>
                <![CDATA[public void com.nuance.him.config.transaction.TransferAmountServiceConfigTest.testTransactionServices()]]>
              </value>
            </param>
          </params>
          <reporter-output>
          </reporter-output>
        </test-method> <!-- springTestContextAfterTestMethod -->
      </class> <!-- com.nuance.him.config.transaction.TransferAmountServiceConfigTest -->
      <class name="com.nuance.him.config.customer.CustomerControllerConfigTest">
        <test-method status="PASS" signature="springTestContextBeforeTestClass()[pri:0, instance:com.nuance.him.config.customer.CustomerControllerConfigTest@706a04ae]" name="springTestContextBeforeTestClass" is-config="true" duration-ms="0" started-at="2019-02-25T17:43:34Z" finished-at="2019-02-25T17:43:34Z">
          <reporter-output>
          </reporter-output>
        </test-method> <!-- springTestContextBeforeTestClass -->
        <test-method status="PASS" signature="springTestContextPrepareTestInstance()[pri:0, instance:com.nuance.him.config.customer.CustomerControllerConfigTest@706a04ae]" name="springTestContextPrepareTestInstance" is-config="true" duration-ms="59" started-at="2019-02-25T17:43:34Z" depends-on-methods="org.springframework.test.context.testng.AbstractTestNGSpringContextTests.springTestContextBeforeTestClass" finished-at="2019-02-25T17:43:34Z">
          <reporter-output>
          </reporter-output>
        </test-method> <!-- springTestContextPrepareTestInstance -->
        <test-method status="PASS" signature="springTestContextBeforeTestMethod(java.lang.reflect.Method)[pri:0, instance:com.nuance.him.config.customer.CustomerControllerConfigTest@706a04ae]" name="springTestContextBeforeTestMethod" is-config="true" duration-ms="1" started-at="2019-02-25T17:43:34Z" finished-at="2019-02-25T17:43:34Z">
          <params>
            <param index="0">
              <value>
                <![CDATA[public void com.nuance.him.config.customer.CustomerControllerConfigTest.testCustomerDao()]]>
              </value>
            </param>
          </params>
          <reporter-output>
          </reporter-output>
        </test-method> <!-- springTestContextBeforeTestMethod -->
        <test-method status="PASS" signature="springTestContextAfterTestClass()[pri:0, instance:com.nuance.him.config.customer.CustomerControllerConfigTest@706a04ae]" name="springTestContextAfterTestClass" is-config="true" duration-ms="0" started-at="2019-02-25T17:43:34Z" finished-at="2019-02-25T17:43:34Z">
          <reporter-output>
          </reporter-output>
        </test-method> <!-- springTestContextAfterTestClass -->
        <test-method status="PASS" signature="springTestContextAfterTestMethod(java.lang.reflect.Method)[pri:0, instance:com.nuance.him.config.customer.CustomerControllerConfigTest@706a04ae]" name="springTestContextAfterTestMethod" is-config="true" duration-ms="0" started-at="2019-02-25T17:43:34Z" finished-at="2019-02-25T17:43:34Z">
          <params>
            <param index="0">
              <value>
                <![CDATA[public void com.nuance.him.config.customer.CustomerControllerConfigTest.testCustomerDao()]]>
              </value>
            </param>
          </params>
          <reporter-output>
          </reporter-output>
        </test-method> <!-- springTestContextAfterTestMethod -->
        <test-method status="PASS" signature="testCustomerDao()[pri:0, instance:com.nuance.him.config.customer.CustomerControllerConfigTest@706a04ae]" name="testCustomerDao" duration-ms="0" started-at="2019-02-25T17:43:34Z" finished-at="2019-02-25T17:43:34Z">
          <reporter-output>
          </reporter-output>
        </test-method> <!-- testCustomerDao -->
      </class> <!-- com.nuance.him.config.customer.CustomerControllerConfigTest -->
      <class name="com.nuance.him.config.transaction.SpringTransferDaoConfigTest">
        <test-method status="PASS" signature="springTestContextBeforeTestClass()[pri:0, instance:com.nuance.him.config.transaction.SpringTransferDaoConfigTest@149494d8]" name="springTestContextBeforeTestClass" is-config="true" duration-ms="1" started-at="2019-02-25T17:43:35Z" finished-at="2019-02-25T17:43:35Z">
          <reporter-output>
          </reporter-output>
        </test-method> <!-- springTestContextBeforeTestClass -->
        <test-method status="PASS" signature="springTestContextPrepareTestInstance()[pri:0, instance:com.nuance.him.config.transaction.SpringTransferDaoConfigTest@149494d8]" name="springTestContextPrepareTestInstance" is-config="true" duration-ms="74" started-at="2019-02-25T17:43:35Z" depends-on-methods="org.springframework.test.context.testng.AbstractTestNGSpringContextTests.springTestContextBeforeTestClass" finished-at="2019-02-25T17:43:35Z">
          <reporter-output>
          </reporter-output>
        </test-method> <!-- springTestContextPrepareTestInstance -->
        <test-method status="PASS" signature="testTransactionDao()[pri:0, instance:com.nuance.him.config.transaction.SpringTransferDaoConfigTest@149494d8]" name="testTransactionDao" duration-ms="1" started-at="2019-02-25T17:43:35Z" finished-at="2019-02-25T17:43:35Z">
          <reporter-output>
          </reporter-output>
        </test-method> <!-- testTransactionDao -->
        <test-method status="PASS" signature="springTestContextBeforeTestMethod(java.lang.reflect.Method)[pri:0, instance:com.nuance.him.config.transaction.SpringTransferDaoConfigTest@149494d8]" name="springTestContextBeforeTestMethod" is-config="true" duration-ms="0" started-at="2019-02-25T17:43:35Z" finished-at="2019-02-25T17:43:35Z">
          <params>
            <param index="0">
              <value>
                <![CDATA[public void com.nuance.him.config.transaction.SpringTransferDaoConfigTest.testTransactionDao()]]>
              </value>
            </param>
          </params>
          <reporter-output>
          </reporter-output>
        </test-method> <!-- springTestContextBeforeTestMethod -->
        <test-method status="PASS" signature="springTestContextAfterTestMethod(java.lang.reflect.Method)[pri:0, instance:com.nuance.him.config.transaction.SpringTransferDaoConfigTest@149494d8]" name="springTestContextAfterTestMethod" is-config="true" duration-ms="0" started-at="2019-02-25T17:43:35Z" finished-at="2019-02-25T17:43:35Z">
          <params>
            <param index="0">
              <value>
                <![CDATA[public void com.nuance.him.config.transaction.SpringTransferDaoConfigTest.testTransactionDao()]]>
              </value>
            </param>
          </params>
          <reporter-output>
          </reporter-output>
        </test-method> <!-- springTestContextAfterTestMethod -->
        <test-method status="PASS" signature="springTestContextAfterTestClass()[pri:0, instance:com.nuance.him.config.transaction.SpringTransferDaoConfigTest@149494d8]" name="springTestContextAfterTestClass" is-config="true" duration-ms="0" started-at="2019-02-25T17:43:35Z" finished-at="2019-02-25T17:43:35Z">
          <reporter-output>
          </reporter-output>
        </test-method> <!-- springTestContextAfterTestClass -->
      </class> <!-- com.nuance.him.config.transaction.SpringTransferDaoConfigTest -->
      <class name="com.nuance.him.config.transaction.TransferAmountControllerConfigTest">
        <test-method status="PASS" signature="springTestContextPrepareTestInstance()[pri:0, instance:com.nuance.him.config.transaction.TransferAmountControllerConfigTest@727803de]" name="springTestContextPrepareTestInstance" is-config="true" duration-ms="233" started-at="2019-02-25T17:43:35Z" depends-on-methods="org.springframework.test.context.testng.AbstractTestNGSpringContextTests.springTestContextBeforeTestClass" finished-at="2019-02-25T17:43:35Z">
          <reporter-output>
          </reporter-output>
        </test-method> <!-- springTestContextPrepareTestInstance -->
        <test-method status="PASS" signature="springTestContextBeforeTestClass()[pri:0, instance:com.nuance.him.config.transaction.TransferAmountControllerConfigTest@727803de]" name="springTestContextBeforeTestClass" is-config="true" duration-ms="0" started-at="2019-02-25T17:43:35Z" finished-at="2019-02-25T17:43:35Z">
          <reporter-output>
          </reporter-output>
        </test-method> <!-- springTestContextBeforeTestClass -->
        <test-method status="PASS" signature="testAccountDAO()[pri:0, instance:com.nuance.him.config.transaction.TransferAmountControllerConfigTest@727803de]" name="testAccountDAO" duration-ms="1" started-at="2019-02-25T17:43:35Z" finished-at="2019-02-25T17:43:35Z">
          <reporter-output>
          </reporter-output>
        </test-method> <!-- testAccountDAO -->
        <test-method status="PASS" signature="springTestContextBeforeTestMethod(java.lang.reflect.Method)[pri:0, instance:com.nuance.him.config.transaction.TransferAmountControllerConfigTest@727803de]" name="springTestContextBeforeTestMethod" is-config="true" duration-ms="0" started-at="2019-02-25T17:43:35Z" finished-at="2019-02-25T17:43:35Z">
          <params>
            <param index="0">
              <value>
                <![CDATA[public void com.nuance.him.config.transaction.TransferAmountControllerConfigTest.testAccountDAO()]]>
              </value>
            </param>
          </params>
          <reporter-output>
          </reporter-output>
        </test-method> <!-- springTestContextBeforeTestMethod -->
        <test-method status="PASS" signature="springTestContextAfterTestClass()[pri:0, instance:com.nuance.him.config.transaction.TransferAmountControllerConfigTest@727803de]" name="springTestContextAfterTestClass" is-config="true" duration-ms="0" started-at="2019-02-25T17:43:35Z" finished-at="2019-02-25T17:43:35Z">
          <reporter-output>
          </reporter-output>
        </test-method> <!-- springTestContextAfterTestClass -->
        <test-method status="PASS" signature="springTestContextAfterTestMethod(java.lang.reflect.Method)[pri:0, instance:com.nuance.him.config.transaction.TransferAmountControllerConfigTest@727803de]" name="springTestContextAfterTestMethod" is-config="true" duration-ms="0" started-at="2019-02-25T17:43:35Z" finished-at="2019-02-25T17:43:35Z">
          <params>
            <param index="0">
              <value>
                <![CDATA[public void com.nuance.him.config.transaction.TransferAmountControllerConfigTest.testAccountDAO()]]>
              </value>
            </param>
          </params>
          <reporter-output>
          </reporter-output>
        </test-method> <!-- springTestContextAfterTestMethod -->
      </class> <!-- com.nuance.him.config.transaction.TransferAmountControllerConfigTest -->
      <class name="com.nuance.him.config.atm.SpringAtmDaoConfigTest">
        <test-method status="PASS" signature="springTestContextBeforeTestClass()[pri:0, instance:com.nuance.him.config.atm.SpringAtmDaoConfigTest@77846d2c]" name="springTestContextBeforeTestClass" is-config="true" duration-ms="0" started-at="2019-02-25T17:43:34Z" finished-at="2019-02-25T17:43:34Z">
          <reporter-output>
          </reporter-output>
        </test-method> <!-- springTestContextBeforeTestClass -->
        <test-method status="PASS" signature="springTestContextPrepareTestInstance()[pri:0, instance:com.nuance.him.config.atm.SpringAtmDaoConfigTest@77846d2c]" name="springTestContextPrepareTestInstance" is-config="true" duration-ms="86" started-at="2019-02-25T17:43:34Z" depends-on-methods="org.springframework.test.context.testng.AbstractTestNGSpringContextTests.springTestContextBeforeTestClass" finished-at="2019-02-25T17:43:34Z">
          <reporter-output>
          </reporter-output>
        </test-method> <!-- springTestContextPrepareTestInstance -->
        <test-method status="PASS" signature="springTestContextBeforeTestMethod(java.lang.reflect.Method)[pri:0, instance:com.nuance.him.config.atm.SpringAtmDaoConfigTest@77846d2c]" name="springTestContextBeforeTestMethod" is-config="true" duration-ms="0" started-at="2019-02-25T17:43:34Z" finished-at="2019-02-25T17:43:34Z">
          <params>
            <param index="0">
              <value>
                <![CDATA[public void com.nuance.him.config.atm.SpringAtmDaoConfigTest.testAtmDao()]]>
              </value>
            </param>
          </params>
          <reporter-output>
          </reporter-output>
        </test-method> <!-- springTestContextBeforeTestMethod -->
        <test-method status="PASS" signature="testAtmDao()[pri:0, instance:com.nuance.him.config.atm.SpringAtmDaoConfigTest@77846d2c]" name="testAtmDao" duration-ms="0" started-at="2019-02-25T17:43:34Z" finished-at="2019-02-25T17:43:34Z">
          <reporter-output>
          </reporter-output>
        </test-method> <!-- testAtmDao -->
        <test-method status="PASS" signature="springTestContextAfterTestMethod(java.lang.reflect.Method)[pri:0, instance:com.nuance.him.config.atm.SpringAtmDaoConfigTest@77846d2c]" name="springTestContextAfterTestMethod" is-config="true" duration-ms="0" started-at="2019-02-25T17:43:34Z" finished-at="2019-02-25T17:43:34Z">
          <params>
            <param index="0">
              <value>
                <![CDATA[public void com.nuance.him.config.atm.SpringAtmDaoConfigTest.testAtmDao()]]>
              </value>
            </param>
          </params>
          <reporter-output>
          </reporter-output>
        </test-method> <!-- springTestContextAfterTestMethod -->
        <test-method status="PASS" signature="springTestContextAfterTestClass()[pri:0, instance:com.nuance.him.config.atm.SpringAtmDaoConfigTest@77846d2c]" name="springTestContextAfterTestClass" is-config="true" duration-ms="0" started-at="2019-02-25T17:43:34Z" finished-at="2019-02-25T17:43:34Z">
          <reporter-output>
          </reporter-output>
        </test-method> <!-- springTestContextAfterTestClass -->
      </class> <!-- com.nuance.him.config.atm.SpringAtmDaoConfigTest -->
      <class name="com.nuance.him.config.customer.CustomerServicesConfigTest">
        <test-method status="PASS" signature="springTestContextBeforeTestClass()[pri:0, instance:com.nuance.him.config.customer.CustomerServicesConfigTest@43a0cee9]" name="springTestContextBeforeTestClass" is-config="true" duration-ms="0" started-at="2019-02-25T17:43:34Z" finished-at="2019-02-25T17:43:34Z">
          <reporter-output>
          </reporter-output>
        </test-method> <!-- springTestContextBeforeTestClass -->
        <test-method status="PASS" signature="springTestContextPrepareTestInstance()[pri:0, instance:com.nuance.him.config.customer.CustomerServicesConfigTest@43a0cee9]" name="springTestContextPrepareTestInstance" is-config="true" duration-ms="44" started-at="2019-02-25T17:43:34Z" depends-on-methods="org.springframework.test.context.testng.AbstractTestNGSpringContextTests.springTestContextBeforeTestClass" finished-at="2019-02-25T17:43:34Z">
          <reporter-output>
          </reporter-output>
        </test-method> <!-- springTestContextPrepareTestInstance -->
        <test-method status="PASS" signature="springTestContextBeforeTestMethod(java.lang.reflect.Method)[pri:0, instance:com.nuance.him.config.customer.CustomerServicesConfigTest@43a0cee9]" name="springTestContextBeforeTestMethod" is-config="true" duration-ms="1" started-at="2019-02-25T17:43:34Z" finished-at="2019-02-25T17:43:34Z">
          <params>
            <param index="0">
              <value>
                <![CDATA[public void com.nuance.him.config.customer.CustomerServicesConfigTest.testCustomerServices()]]>
              </value>
            </param>
          </params>
          <reporter-output>
          </reporter-output>
        </test-method> <!-- springTestContextBeforeTestMethod -->
        <test-method status="PASS" signature="springTestContextAfterTestMethod(java.lang.reflect.Method)[pri:0, instance:com.nuance.him.config.customer.CustomerServicesConfigTest@43a0cee9]" name="springTestContextAfterTestMethod" is-config="true" duration-ms="0" started-at="2019-02-25T17:43:34Z" finished-at="2019-02-25T17:43:34Z">
          <params>
            <param index="0">
              <value>
                <![CDATA[public void com.nuance.him.config.customer.CustomerServicesConfigTest.testCustomerServices()]]>
              </value>
            </param>
          </params>
          <reporter-output>
          </reporter-output>
        </test-method> <!-- springTestContextAfterTestMethod -->
        <test-method status="PASS" signature="testCustomerServices()[pri:0, instance:com.nuance.him.config.customer.CustomerServicesConfigTest@43a0cee9]" name="testCustomerServices" duration-ms="0" started-at="2019-02-25T17:43:34Z" finished-at="2019-02-25T17:43:34Z">
          <reporter-output>
          </reporter-output>
        </test-method> <!-- testCustomerServices -->
        <test-method status="PASS" signature="springTestContextAfterTestClass()[pri:0, instance:com.nuance.him.config.customer.CustomerServicesConfigTest@43a0cee9]" name="springTestContextAfterTestClass" is-config="true" duration-ms="0" started-at="2019-02-25T17:43:34Z" finished-at="2019-02-25T17:43:34Z">
          <reporter-output>
          </reporter-output>
        </test-method> <!-- springTestContextAfterTestClass -->
      </class> <!-- com.nuance.him.config.customer.CustomerServicesConfigTest -->
      <class name="com.nuance.him.config.atm.AtmControllerConfigTest">
        <test-method status="PASS" signature="springTestContextPrepareTestInstance()[pri:0, instance:com.nuance.him.config.atm.AtmControllerConfigTest@545997b1]" name="springTestContextPrepareTestInstance" is-config="true" duration-ms="290" started-at="2019-02-25T17:43:34Z" depends-on-methods="org.springframework.test.context.testng.AbstractTestNGSpringContextTests.springTestContextBeforeTestClass" finished-at="2019-02-25T17:43:34Z">
          <reporter-output>
          </reporter-output>
        </test-method> <!-- springTestContextPrepareTestInstance -->
        <test-method status="PASS" signature="springTestContextBeforeTestClass()[pri:0, instance:com.nuance.him.config.atm.AtmControllerConfigTest@545997b1]" name="springTestContextBeforeTestClass" is-config="true" duration-ms="0" started-at="2019-02-25T17:43:34Z" finished-at="2019-02-25T17:43:34Z">
          <reporter-output>
          </reporter-output>
        </test-method> <!-- springTestContextBeforeTestClass -->
        <test-method status="PASS" signature="testAtmController()[pri:0, instance:com.nuance.him.config.atm.AtmControllerConfigTest@545997b1]" name="testAtmController" duration-ms="0" started-at="2019-02-25T17:43:34Z" finished-at="2019-02-25T17:43:34Z">
          <reporter-output>
          </reporter-output>
        </test-method> <!-- testAtmController -->
        <test-method status="PASS" signature="springTestContextBeforeTestMethod(java.lang.reflect.Method)[pri:0, instance:com.nuance.him.config.atm.AtmControllerConfigTest@545997b1]" name="springTestContextBeforeTestMethod" is-config="true" duration-ms="0" started-at="2019-02-25T17:43:34Z" finished-at="2019-02-25T17:43:34Z">
          <params>
            <param index="0">
              <value>
                <![CDATA[public void com.nuance.him.config.atm.AtmControllerConfigTest.testAtmController()]]>
              </value>
            </param>
          </params>
          <reporter-output>
          </reporter-output>
        </test-method> <!-- springTestContextBeforeTestMethod -->
        <test-method status="PASS" signature="springTestContextAfterTestMethod(java.lang.reflect.Method)[pri:0, instance:com.nuance.him.config.atm.AtmControllerConfigTest@545997b1]" name="springTestContextAfterTestMethod" is-config="true" duration-ms="0" started-at="2019-02-25T17:43:34Z" finished-at="2019-02-25T17:43:34Z">
          <params>
            <param index="0">
              <value>
                <![CDATA[public void com.nuance.him.config.atm.AtmControllerConfigTest.testAtmController()]]>
              </value>
            </param>
          </params>
          <reporter-output>
          </reporter-output>
        </test-method> <!-- springTestContextAfterTestMethod -->
        <test-method status="PASS" signature="springTestContextAfterTestClass()[pri:0, instance:com.nuance.him.config.atm.AtmControllerConfigTest@545997b1]" name="springTestContextAfterTestClass" is-config="true" duration-ms="0" started-at="2019-02-25T17:43:34Z" finished-at="2019-02-25T17:43:34Z">
          <reporter-output>
          </reporter-output>
        </test-method> <!-- springTestContextAfterTestClass -->
      </class> <!-- com.nuance.him.config.atm.AtmControllerConfigTest -->
      <class name="com.nuance.him.config.interest.InterestControllerConfigTest">
        <test-method status="PASS" signature="springTestContextBeforeTestClass()[pri:0, instance:com.nuance.him.config.interest.InterestControllerConfigTest@4fb64261]" name="springTestContextBeforeTestClass" is-config="true" duration-ms="0" started-at="2019-02-25T17:43:34Z" finished-at="2019-02-25T17:43:34Z">
          <reporter-output>
          </reporter-output>
        </test-method> <!-- springTestContextBeforeTestClass -->
        <test-method status="PASS" signature="springTestContextPrepareTestInstance()[pri:0, instance:com.nuance.him.config.interest.InterestControllerConfigTest@4fb64261]" name="springTestContextPrepareTestInstance" is-config="true" duration-ms="163" started-at="2019-02-25T17:43:34Z" depends-on-methods="org.springframework.test.context.testng.AbstractTestNGSpringContextTests.springTestContextBeforeTestClass" finished-at="2019-02-25T17:43:34Z">
          <reporter-output>
          </reporter-output>
        </test-method> <!-- springTestContextPrepareTestInstance -->
        <test-method status="PASS" signature="springTestContextBeforeTestMethod(java.lang.reflect.Method)[pri:0, instance:com.nuance.him.config.interest.InterestControllerConfigTest@4fb64261]" name="springTestContextBeforeTestMethod" is-config="true" duration-ms="1" started-at="2019-02-25T17:43:34Z" finished-at="2019-02-25T17:43:34Z">
          <params>
            <param index="0">
              <value>
                <![CDATA[public void com.nuance.him.config.interest.InterestControllerConfigTest.testInterestController()]]>
              </value>
            </param>
          </params>
          <reporter-output>
          </reporter-output>
        </test-method> <!-- springTestContextBeforeTestMethod -->
        <test-method status="PASS" signature="springTestContextAfterTestClass()[pri:0, instance:com.nuance.him.config.interest.InterestControllerConfigTest@4fb64261]" name="springTestContextAfterTestClass" is-config="true" duration-ms="0" started-at="2019-02-25T17:43:34Z" finished-at="2019-02-25T17:43:34Z">
          <reporter-output>
          </reporter-output>
        </test-method> <!-- springTestContextAfterTestClass -->
        <test-method status="PASS" signature="testInterestController()[pri:0, instance:com.nuance.him.config.interest.InterestControllerConfigTest@4fb64261]" name="testInterestController" duration-ms="0" started-at="2019-02-25T17:43:34Z" finished-at="2019-02-25T17:43:34Z">
          <reporter-output>
          </reporter-output>
        </test-method> <!-- testInterestController -->
        <test-method status="PASS" signature="springTestContextAfterTestMethod(java.lang.reflect.Method)[pri:0, instance:com.nuance.him.config.interest.InterestControllerConfigTest@4fb64261]" name="springTestContextAfterTestMethod" is-config="true" duration-ms="0" started-at="2019-02-25T17:43:34Z" finished-at="2019-02-25T17:43:34Z">
          <params>
            <param index="0">
              <value>
                <![CDATA[public void com.nuance.him.config.interest.InterestControllerConfigTest.testInterestController()]]>
              </value>
            </param>
          </params>
          <reporter-output>
          </reporter-output>
        </test-method> <!-- springTestContextAfterTestMethod -->
      </class> <!-- com.nuance.him.config.interest.InterestControllerConfigTest -->
      <class name="com.nuance.him.config.atm.AtmServiceConfigTest">
        <test-method status="PASS" signature="springTestContextPrepareTestInstance()[pri:0, instance:com.nuance.him.config.atm.AtmServiceConfigTest@2eda0940]" name="springTestContextPrepareTestInstance" is-config="true" duration-ms="115" started-at="2019-02-25T17:43:34Z" depends-on-methods="org.springframework.test.context.testng.AbstractTestNGSpringContextTests.springTestContextBeforeTestClass" finished-at="2019-02-25T17:43:34Z">
          <reporter-output>
          </reporter-output>
        </test-method> <!-- springTestContextPrepareTestInstance -->
        <test-method status="PASS" signature="springTestContextBeforeTestClass()[pri:0, instance:com.nuance.him.config.atm.AtmServiceConfigTest@2eda0940]" name="springTestContextBeforeTestClass" is-config="true" duration-ms="0" started-at="2019-02-25T17:43:34Z" finished-at="2019-02-25T17:43:34Z">
          <reporter-output>
          </reporter-output>
        </test-method> <!-- springTestContextBeforeTestClass -->
        <test-method status="PASS" signature="springTestContextAfterTestMethod(java.lang.reflect.Method)[pri:0, instance:com.nuance.him.config.atm.AtmServiceConfigTest@2eda0940]" name="springTestContextAfterTestMethod" is-config="true" duration-ms="1" started-at="2019-02-25T17:43:34Z" finished-at="2019-02-25T17:43:34Z">
          <params>
            <param index="0">
              <value>
                <![CDATA[public void com.nuance.him.config.atm.AtmServiceConfigTest.testAtmService()]]>
              </value>
            </param>
          </params>
          <reporter-output>
          </reporter-output>
        </test-method> <!-- springTestContextAfterTestMethod -->
        <test-method status="PASS" signature="testAtmService()[pri:0, instance:com.nuance.him.config.atm.AtmServiceConfigTest@2eda0940]" name="testAtmService" duration-ms="0" started-at="2019-02-25T17:43:34Z" finished-at="2019-02-25T17:43:34Z">
          <reporter-output>
          </reporter-output>
        </test-method> <!-- testAtmService -->
        <test-method status="PASS" signature="springTestContextBeforeTestMethod(java.lang.reflect.Method)[pri:0, instance:com.nuance.him.config.atm.AtmServiceConfigTest@2eda0940]" name="springTestContextBeforeTestMethod" is-config="true" duration-ms="0" started-at="2019-02-25T17:43:34Z" finished-at="2019-02-25T17:43:34Z">
          <params>
            <param index="0">
              <value>
                <![CDATA[public void com.nuance.him.config.atm.AtmServiceConfigTest.testAtmService()]]>
              </value>
            </param>
          </params>
          <reporter-output>
          </reporter-output>
        </test-method> <!-- springTestContextBeforeTestMethod -->
        <test-method status="PASS" signature="springTestContextAfterTestClass()[pri:0, instance:com.nuance.him.config.atm.AtmServiceConfigTest@2eda0940]" name="springTestContextAfterTestClass" is-config="true" duration-ms="0" started-at="2019-02-25T17:43:34Z" finished-at="2019-02-25T17:43:34Z">
          <reporter-output>
          </reporter-output>
        </test-method> <!-- springTestContextAfterTestClass -->
      </class> <!-- com.nuance.him.config.atm.AtmServiceConfigTest -->
      <class name="com.nuance.him.config.account.SpringAccountDaoConfigTest">
        <test-method status="PASS" signature="springTestContextBeforeTestClass()[pri:0, instance:com.nuance.him.config.account.SpringAccountDaoConfigTest@47db50c5]" name="springTestContextBeforeTestClass" is-config="true" duration-ms="0" started-at="2019-02-25T17:43:34Z" finished-at="2019-02-25T17:43:34Z">
          <reporter-output>
          </reporter-output>
        </test-method> <!-- springTestContextBeforeTestClass -->
        <test-method status="PASS" signature="springTestContextPrepareTestInstance()[pri:0, instance:com.nuance.him.config.account.SpringAccountDaoConfigTest@47db50c5]" name="springTestContextPrepareTestInstance" is-config="true" duration-ms="59" started-at="2019-02-25T17:43:34Z" depends-on-methods="org.springframework.test.context.testng.AbstractTestNGSpringContextTests.springTestContextBeforeTestClass" finished-at="2019-02-25T17:43:34Z">
          <reporter-output>
          </reporter-output>
        </test-method> <!-- springTestContextPrepareTestInstance -->
        <test-method status="PASS" signature="springTestContextBeforeTestMethod(java.lang.reflect.Method)[pri:0, instance:com.nuance.him.config.account.SpringAccountDaoConfigTest@47db50c5]" name="springTestContextBeforeTestMethod" is-config="true" duration-ms="1" started-at="2019-02-25T17:43:34Z" finished-at="2019-02-25T17:43:34Z">
          <params>
            <param index="0">
              <value>
                <![CDATA[public void com.nuance.him.config.account.SpringAccountDaoConfigTest.testAccountDao()]]>
              </value>
            </param>
          </params>
          <reporter-output>
          </reporter-output>
        </test-method> <!-- springTestContextBeforeTestMethod -->
        <test-method status="PASS" signature="testAccountDao()[pri:0, instance:com.nuance.him.config.account.SpringAccountDaoConfigTest@47db50c5]" name="testAccountDao" duration-ms="0" started-at="2019-02-25T17:43:34Z" finished-at="2019-02-25T17:43:34Z">
          <reporter-output>
          </reporter-output>
        </test-method> <!-- testAccountDao -->
        <test-method status="PASS" signature="springTestContextAfterTestMethod(java.lang.reflect.Method)[pri:0, instance:com.nuance.him.config.account.SpringAccountDaoConfigTest@47db50c5]" name="springTestContextAfterTestMethod" is-config="true" duration-ms="0" started-at="2019-02-25T17:43:34Z" finished-at="2019-02-25T17:43:34Z">
          <params>
            <param index="0">
              <value>
                <![CDATA[public void com.nuance.him.config.account.SpringAccountDaoConfigTest.testAccountDao()]]>
              </value>
            </param>
          </params>
          <reporter-output>
          </reporter-output>
        </test-method> <!-- springTestContextAfterTestMethod -->
        <test-method status="PASS" signature="springTestContextAfterTestClass()[pri:0, instance:com.nuance.him.config.account.SpringAccountDaoConfigTest@47db50c5]" name="springTestContextAfterTestClass" is-config="true" duration-ms="0" started-at="2019-02-25T17:43:34Z" finished-at="2019-02-25T17:43:34Z">
          <reporter-output>
          </reporter-output>
        </test-method> <!-- springTestContextAfterTestClass -->
      </class> <!-- com.nuance.him.config.account.SpringAccountDaoConfigTest -->
      <class name="com.nuance.him.config.customer.SpringCustomerDaoConfigTest">
        <test-method status="PASS" signature="springTestContextBeforeTestClass()[pri:0, instance:com.nuance.him.config.customer.SpringCustomerDaoConfigTest@10a035a0]" name="springTestContextBeforeTestClass" is-config="true" duration-ms="0" started-at="2019-02-25T17:43:34Z" finished-at="2019-02-25T17:43:34Z">
          <reporter-output>
          </reporter-output>
        </test-method> <!-- springTestContextBeforeTestClass -->
        <test-method status="PASS" signature="springTestContextPrepareTestInstance()[pri:0, instance:com.nuance.him.config.customer.SpringCustomerDaoConfigTest@10a035a0]" name="springTestContextPrepareTestInstance" is-config="true" duration-ms="40" started-at="2019-02-25T17:43:34Z" depends-on-methods="org.springframework.test.context.testng.AbstractTestNGSpringContextTests.springTestContextBeforeTestClass" finished-at="2019-02-25T17:43:34Z">
          <reporter-output>
          </reporter-output>
        </test-method> <!-- springTestContextPrepareTestInstance -->
        <test-method status="PASS" signature="testCustomerDao()[pri:0, instance:com.nuance.him.config.customer.SpringCustomerDaoConfigTest@10a035a0]" name="testCustomerDao" duration-ms="1" started-at="2019-02-25T17:43:34Z" finished-at="2019-02-25T17:43:34Z">
          <reporter-output>
          </reporter-output>
        </test-method> <!-- testCustomerDao -->
        <test-method status="PASS" signature="springTestContextBeforeTestMethod(java.lang.reflect.Method)[pri:0, instance:com.nuance.him.config.customer.SpringCustomerDaoConfigTest@10a035a0]" name="springTestContextBeforeTestMethod" is-config="true" duration-ms="0" started-at="2019-02-25T17:43:34Z" finished-at="2019-02-25T17:43:34Z">
          <params>
            <param index="0">
              <value>
                <![CDATA[public void com.nuance.him.config.customer.SpringCustomerDaoConfigTest.testCustomerDao()]]>
              </value>
            </param>
          </params>
          <reporter-output>
          </reporter-output>
        </test-method> <!-- springTestContextBeforeTestMethod -->
        <test-method status="PASS" signature="springTestContextAfterTestMethod(java.lang.reflect.Method)[pri:0, instance:com.nuance.him.config.customer.SpringCustomerDaoConfigTest@10a035a0]" name="springTestContextAfterTestMethod" is-config="true" duration-ms="0" started-at="2019-02-25T17:43:34Z" finished-at="2019-02-25T17:43:34Z">
          <params>
            <param index="0">
              <value>
                <![CDATA[public void com.nuance.him.config.customer.SpringCustomerDaoConfigTest.testCustomerDao()]]>
              </value>
            </param>
          </params>
          <reporter-output>
          </reporter-output>
        </test-method> <!-- springTestContextAfterTestMethod -->
        <test-method status="PASS" signature="springTestContextAfterTestClass()[pri:0, instance:com.nuance.him.config.customer.SpringCustomerDaoConfigTest@10a035a0]" name="springTestContextAfterTestClass" is-config="true" duration-ms="1" started-at="2019-02-25T17:43:34Z" finished-at="2019-02-25T17:43:34Z">
          <reporter-output>
          </reporter-output>
        </test-method> <!-- springTestContextAfterTestClass -->
      </class> <!-- com.nuance.him.config.customer.SpringCustomerDaoConfigTest -->
      <class name="com.nuance.him.config.interest.InterestServiceConfigTest">
        <test-method status="PASS" signature="springTestContextPrepareTestInstance()[pri:0, instance:com.nuance.him.config.interest.InterestServiceConfigTest@646007f4]" name="springTestContextPrepareTestInstance" is-config="true" duration-ms="85" started-at="2019-02-25T17:43:34Z" depends-on-methods="org.springframework.test.context.testng.AbstractTestNGSpringContextTests.springTestContextBeforeTestClass" finished-at="2019-02-25T17:43:34Z">
          <reporter-output>
          </reporter-output>
        </test-method> <!-- springTestContextPrepareTestInstance -->
        <test-method status="PASS" signature="springTestContextBeforeTestClass()[pri:0, instance:com.nuance.him.config.interest.InterestServiceConfigTest@646007f4]" name="springTestContextBeforeTestClass" is-config="true" duration-ms="0" started-at="2019-02-25T17:43:34Z" finished-at="2019-02-25T17:43:34Z">
          <reporter-output>
          </reporter-output>
        </test-method> <!-- springTestContextBeforeTestClass -->
        <test-method status="PASS" signature="springTestContextAfterTestClass()[pri:0, instance:com.nuance.him.config.interest.InterestServiceConfigTest@646007f4]" name="springTestContextAfterTestClass" is-config="true" duration-ms="1" started-at="2019-02-25T17:43:34Z" finished-at="2019-02-25T17:43:34Z">
          <reporter-output>
          </reporter-output>
        </test-method> <!-- springTestContextAfterTestClass -->
        <test-method status="PASS" signature="springTestContextBeforeTestMethod(java.lang.reflect.Method)[pri:0, instance:com.nuance.him.config.interest.InterestServiceConfigTest@646007f4]" name="springTestContextBeforeTestMethod" is-config="true" duration-ms="0" started-at="2019-02-25T17:43:34Z" finished-at="2019-02-25T17:43:34Z">
          <params>
            <param index="0">
              <value>
                <![CDATA[public void com.nuance.him.config.interest.InterestServiceConfigTest.testInterestServices()]]>
              </value>
            </param>
          </params>
          <reporter-output>
          </reporter-output>
        </test-method> <!-- springTestContextBeforeTestMethod -->
        <test-method status="PASS" signature="testInterestServices()[pri:0, instance:com.nuance.him.config.interest.InterestServiceConfigTest@646007f4]" name="testInterestServices" duration-ms="0" started-at="2019-02-25T17:43:34Z" finished-at="2019-02-25T17:43:34Z">
          <reporter-output>
          </reporter-output>
        </test-method> <!-- testInterestServices -->
        <test-method status="PASS" signature="springTestContextAfterTestMethod(java.lang.reflect.Method)[pri:0, instance:com.nuance.him.config.interest.InterestServiceConfigTest@646007f4]" name="springTestContextAfterTestMethod" is-config="true" duration-ms="0" started-at="2019-02-25T17:43:34Z" finished-at="2019-02-25T17:43:34Z">
          <params>
            <param index="0">
              <value>
                <![CDATA[public void com.nuance.him.config.interest.InterestServiceConfigTest.testInterestServices()]]>
              </value>
            </param>
          </params>
          <reporter-output>
          </reporter-output>
        </test-method> <!-- springTestContextAfterTestMethod -->
      </class> <!-- com.nuance.him.config.interest.InterestServiceConfigTest -->
      <class name="com.nuance.him.config.interest.SpringInterestDaoConfigTest">
        <test-method status="PASS" signature="springTestContextPrepareTestInstance()[pri:0, instance:com.nuance.him.config.interest.SpringInterestDaoConfigTest@4c762604]" name="springTestContextPrepareTestInstance" is-config="true" duration-ms="56" started-at="2019-02-25T17:43:34Z" depends-on-methods="org.springframework.test.context.testng.AbstractTestNGSpringContextTests.springTestContextBeforeTestClass" finished-at="2019-02-25T17:43:35Z">
          <reporter-output>
          </reporter-output>
        </test-method> <!-- springTestContextPrepareTestInstance -->
        <test-method status="PASS" signature="springTestContextBeforeTestClass()[pri:0, instance:com.nuance.him.config.interest.SpringInterestDaoConfigTest@4c762604]" name="springTestContextBeforeTestClass" is-config="true" duration-ms="0" started-at="2019-02-25T17:43:34Z" finished-at="2019-02-25T17:43:34Z">
          <reporter-output>
          </reporter-output>
        </test-method> <!-- springTestContextBeforeTestClass -->
        <test-method status="PASS" signature="springTestContextBeforeTestMethod(java.lang.reflect.Method)[pri:0, instance:com.nuance.him.config.interest.SpringInterestDaoConfigTest@4c762604]" name="springTestContextBeforeTestMethod" is-config="true" duration-ms="1" started-at="2019-02-25T17:43:35Z" finished-at="2019-02-25T17:43:35Z">
          <params>
            <param index="0">
              <value>
                <![CDATA[public void com.nuance.him.config.interest.SpringInterestDaoConfigTest.testInterestCalcDao()]]>
              </value>
            </param>
          </params>
          <reporter-output>
          </reporter-output>
        </test-method> <!-- springTestContextBeforeTestMethod -->
        <test-method status="PASS" signature="testInterestCalcDao()[pri:0, instance:com.nuance.him.config.interest.SpringInterestDaoConfigTest@4c762604]" name="testInterestCalcDao" duration-ms="0" started-at="2019-02-25T17:43:35Z" finished-at="2019-02-25T17:43:35Z">
          <reporter-output>
          </reporter-output>
        </test-method> <!-- testInterestCalcDao -->
        <test-method status="PASS" signature="springTestContextAfterTestMethod(java.lang.reflect.Method)[pri:0, instance:com.nuance.him.config.interest.SpringInterestDaoConfigTest@4c762604]" name="springTestContextAfterTestMethod" is-config="true" duration-ms="0" started-at="2019-02-25T17:43:35Z" finished-at="2019-02-25T17:43:35Z">
          <params>
            <param index="0">
              <value>
                <![CDATA[public void com.nuance.him.config.interest.SpringInterestDaoConfigTest.testInterestCalcDao()]]>
              </value>
            </param>
          </params>
          <reporter-output>
          </reporter-output>
        </test-method> <!-- springTestContextAfterTestMethod -->
        <test-method status="PASS" signature="springTestContextAfterTestClass()[pri:0, instance:com.nuance.him.config.interest.SpringInterestDaoConfigTest@4c762604]" name="springTestContextAfterTestClass" is-config="true" duration-ms="0" started-at="2019-02-25T17:43:35Z" finished-at="2019-02-25T17:43:35Z">
          <reporter-output>
          </reporter-output>
        </test-method> <!-- springTestContextAfterTestClass -->
      </class> <!-- com.nuance.him.config.interest.SpringInterestDaoConfigTest -->
      <class name="com.nuance.him.config.account.AccountControllerConfigTest">
        <test-method status="PASS" signature="springTestContextBeforeTestClass()[pri:0, instance:com.nuance.him.config.account.AccountControllerConfigTest@1786f9d5]" name="springTestContextBeforeTestClass" is-config="true" duration-ms="9" started-at="2019-02-25T17:43:32Z" finished-at="2019-02-25T17:43:32Z">
          <reporter-output>
          </reporter-output>
        </test-method> <!-- springTestContextBeforeTestClass -->
        <test-method status="PASS" signature="springTestContextPrepareTestInstance()[pri:0, instance:com.nuance.him.config.account.AccountControllerConfigTest@1786f9d5]" name="springTestContextPrepareTestInstance" is-config="true" duration-ms="947" started-at="2019-02-25T17:43:32Z" depends-on-methods="org.springframework.test.context.testng.AbstractTestNGSpringContextTests.springTestContextBeforeTestClass" finished-at="2019-02-25T17:43:33Z">
          <reporter-output>
          </reporter-output>
        </test-method> <!-- springTestContextPrepareTestInstance -->
        <test-method status="PASS" signature="springTestContextBeforeTestMethod(java.lang.reflect.Method)[pri:0, instance:com.nuance.him.config.account.AccountControllerConfigTest@1786f9d5]" name="springTestContextBeforeTestMethod" is-config="true" duration-ms="2" started-at="2019-02-25T17:43:33Z" finished-at="2019-02-25T17:43:33Z">
          <params>
            <param index="0">
              <value>
                <![CDATA[public void com.nuance.him.config.account.AccountControllerConfigTest.testAccountDAO()]]>
              </value>
            </param>
          </params>
          <reporter-output>
          </reporter-output>
        </test-method> <!-- springTestContextBeforeTestMethod -->
        <test-method status="PASS" signature="testAccountDAO()[pri:0, instance:com.nuance.him.config.account.AccountControllerConfigTest@1786f9d5]" name="testAccountDAO" duration-ms="6" started-at="2019-02-25T17:43:33Z" finished-at="2019-02-25T17:43:33Z">
          <reporter-output>
          </reporter-output>
        </test-method> <!-- testAccountDAO -->
        <test-method status="PASS" signature="springTestContextAfterTestClass()[pri:0, instance:com.nuance.him.config.account.AccountControllerConfigTest@1786f9d5]" name="springTestContextAfterTestClass" is-config="true" duration-ms="0" started-at="2019-02-25T17:43:33Z" finished-at="2019-02-25T17:43:33Z">
          <reporter-output>
          </reporter-output>
        </test-method> <!-- springTestContextAfterTestClass -->
        <test-method status="PASS" signature="springTestContextAfterTestMethod(java.lang.reflect.Method)[pri:0, instance:com.nuance.him.config.account.AccountControllerConfigTest@1786f9d5]" name="springTestContextAfterTestMethod" is-config="true" duration-ms="0" started-at="2019-02-25T17:43:33Z" finished-at="2019-02-25T17:43:33Z">
          <params>
            <param index="0">
              <value>
                <![CDATA[public void com.nuance.him.config.account.AccountControllerConfigTest.testAccountDAO()]]>
              </value>
            </param>
          </params>
          <reporter-output>
          </reporter-output>
        </test-method> <!-- springTestContextAfterTestMethod -->
      </class> <!-- com.nuance.him.config.account.AccountControllerConfigTest -->
    </test> <!-- Surefire test -->
  </suite> <!-- Surefire suite -->
</testng-results>
