<?xml version="1.0" encoding="UTF-8"?>
<!-- Generated by org.testng.reporters.JUnitXMLReporter -->
<testsuite hostname="PUN-YMANGDE01" name="Surefire test" tests="13" failures="0" timestamp="25 Feb 2019 12:13:27 GMT" time="3.302" errors="0">
  <testcase name="testDepositeAmount" time="0.149" classname="com.nuance.him.controller.test.AccountControllerTest"/>
  <testcase name="testGetAccountDetail" time="0.004" classname="com.nuance.him.controller.test.AccountControllerTest"/>
  <testcase name="testGetBalance" time="0.008" classname="com.nuance.him.controller.test.AccountControllerTest"/>
  <testcase name="testOpenAccount" time="0.259" classname="com.nuance.him.controller.test.AccountControllerTest"/>
  <testcase name="testWithDrawAmount" time="0.003" classname="com.nuance.him.controller.test.AccountControllerTest"/>
  <testcase name="testDisplayAtmDetails" time="0.007" classname="com.nuance.him.controller.test.AtmControllerTest"/>
  <testcase name="testIssueAtm" time="0.023" classname="com.nuance.him.controller.test.AtmControllerTest"/>
  <testcase name="testAddCustomer" time="0.021" classname="com.nuance.him.controller.test.CustomerControllerTest"/>
  <testcase name="testDisplayCustomers" time="0.002" classname="com.nuance.him.controller.test.CustomerControllerTest"/>
  <testcase name="testFindCustomerById" time="0.002" classname="com.nuance.him.controller.test.CustomerControllerTest"/>
  <testcase name="testCalMonthlyInterest" time="0.004" classname="com.nuance.him.controller.test.InterestControllerTest"/>
  <testcase name="testTransactionHistory" time="0.006" classname="com.nuance.him.controller.test.TransferAmountControllerTest"/>
  <testcase name="testTransferAmount" time="0.01" classname="com.nuance.him.controller.test.TransferAmountControllerTest"/>
</testsuite> <!-- Surefire test -->
