<?xml version="1.0" encoding="UTF-8"?>
<!-- Generated by org.testng.reporters.JUnitXMLReporter -->
<testsuite hostname="PUN-YMANGDE01" ignored="0" name="Surefire test" tests="26" failures="0" timestamp="2019-02-25T17:43:20 IST" time="0.416" errors="0">
  <testcase name="testDepositException" time="0.026" classname="com.nuance.him.service.AccountServiceImplTest"/>
  <testcase name="testDeposite" time="0.001" classname="com.nuance.him.service.AccountServiceImplTest"/>
  <testcase name="testGetAccountDetail" time="0.0" classname="com.nuance.him.service.AccountServiceImplTest"/>
  <testcase name="testGetAccountDetailException" time="0.001" classname="com.nuance.him.service.AccountServiceImplTest"/>
  <testcase name="testGetBalance" time="0.001" classname="com.nuance.him.service.AccountServiceImplTest"/>
  <testcase name="testGetBalanceException" time="0.0" classname="com.nuance.him.service.AccountServiceImplTest"/>
  <testcase name="testOpenAccount" time="0.0" classname="com.nuance.him.service.AccountServiceImplTest"/>
  <testcase name="testOpenAccountException" time="0.0" classname="com.nuance.him.service.AccountServiceImplTest"/>
  <testcase name="testWithDrawAmountException" time="0.0" classname="com.nuance.him.service.AccountServiceImplTest"/>
  <testcase name="testWithdraw" time="0.0" classname="com.nuance.him.service.AccountServiceImplTest"/>
  <testcase name="testIsAtmAlreadyTaken" time="0.0" classname="com.nuance.him.service.AtmServiceImplTest"/>
  <testcase name="testIsAtmAlreadyTakenException" time="0.001" classname="com.nuance.him.service.AtmServiceImplTest"/>
  <testcase name="testIssueAtm" time="0.0" classname="com.nuance.him.service.AtmServiceImplTest"/>
  <testcase name="testIssueAtmException" time="0.0" classname="com.nuance.him.service.AtmServiceImplTest"/>
  <testcase name="testAddCustomer" time="0.001" classname="com.nuance.him.service.CustomerServiceImplTest"/>
  <testcase name="testAddCustomerException" time="0.001" classname="com.nuance.him.service.CustomerServiceImplTest"/>
  <testcase name="testDisplayCustomer" time="0.0" classname="com.nuance.him.service.CustomerServiceImplTest"/>
  <testcase name="testDisplayCustomerException" time="0.0" classname="com.nuance.him.service.CustomerServiceImplTest"/>
  <testcase name="testFindCustomer" time="0.0" classname="com.nuance.him.service.CustomerServiceImplTest"/>
  <testcase name="testFindCustomerException" time="0.001" classname="com.nuance.him.service.CustomerServiceImplTest"/>
  <testcase name="testGetBalanceException" time="0.001" classname="com.nuance.him.service.InterestServiceimplTest"/>
  <testcase name="testInterestRateCalculator" time="0.0" classname="com.nuance.him.service.InterestServiceimplTest"/>
  <testcase name="testTransactionHistory" time="0.0" classname="com.nuance.him.service.TransferAmountServiceImplTest"/>
  <testcase name="testTransactionHistoryException" time="0.001" classname="com.nuance.him.service.TransferAmountServiceImplTest"/>
  <testcase name="testTransferAmount" time="0.0" classname="com.nuance.him.service.TransferAmountServiceImplTest"/>
  <testcase name="testTransferAmountException" time="0.0" classname="com.nuance.him.service.TransferAmountServiceImplTest"/>
</testsuite> <!-- Surefire test -->
