<?xml version="1.0" encoding="UTF-8"?>
<testng-results skipped="0" failed="0" total="8" passed="8">
  <reporter-output>
  </reporter-output>
  <suite name="Surefire suite" duration-ms="1197" started-at="2019-01-17T14:02:34Z" finished-at="2019-01-17T14:02:35Z">
    <groups>
    </groups>
    <test name="Surefire test" duration-ms="1197" started-at="2019-01-17T14:02:34Z" finished-at="2019-01-17T14:02:35Z">
      <class name="com.nuance.him.dao.test.AccountDaoImplTest">
        <test-method status="PASS" signature="springTestContextBeforeTestClass()[pri:0, instance:com.nuance.him.dao.test.AccountDaoImplTest@6e2c9341]" name="springTestContextBeforeTestClass" is-config="true" duration-ms="8" started-at="2019-01-17T19:32:34Z" finished-at="2019-01-17T19:32:34Z">
          <reporter-output>
          </reporter-output>
        </test-method> <!-- springTestContextBeforeTestClass -->
        <test-method status="PASS" signature="springTestContextPrepareTestInstance()[pri:0, instance:com.nuance.him.dao.test.AccountDaoImplTest@6e2c9341]" name="springTestContextPrepareTestInstance" is-config="true" duration-ms="833" started-at="2019-01-17T19:32:34Z" depends-on-methods="org.springframework.test.context.testng.AbstractTestNGSpringContextTests.springTestContextBeforeTestClass" finished-at="2019-01-17T19:32:34Z">
          <reporter-output>
          </reporter-output>
        </test-method> <!-- springTestContextPrepareTestInstance -->
        <test-method status="PASS" signature="springTestContextBeforeTestMethod(java.lang.reflect.Method)[pri:0, instance:com.nuance.him.dao.test.AccountDaoImplTest@6e2c9341]" name="springTestContextBeforeTestMethod" is-config="true" duration-ms="57" started-at="2019-01-17T19:32:34Z" finished-at="2019-01-17T19:32:34Z">
          <params>
            <param index="0">
              <value>
                <![CDATA[public void com.nuance.him.dao.test.AccountDaoImplTest.testDeposite() throws java.lang.Exception]]>
              </value>
            </param>
          </params>
          <reporter-output>
          </reporter-output>
        </test-method> <!-- springTestContextBeforeTestMethod -->
        <test-method status="PASS" signature="setUp()[pri:0, instance:com.nuance.him.dao.test.AccountDaoImplTest@6e2c9341]" name="setUp" is-config="true" duration-ms="7" started-at="2019-01-17T19:32:34Z" finished-at="2019-01-17T19:32:34Z">
          <reporter-output>
          </reporter-output>
        </test-method> <!-- setUp -->
        <test-method status="PASS" signature="testDeposite()[pri:0, instance:com.nuance.him.dao.test.AccountDaoImplTest@6e2c9341]" name="testDeposite" duration-ms="83" started-at="2019-01-17T19:32:34Z" finished-at="2019-01-17T19:32:35Z">
          <reporter-output>
          </reporter-output>
        </test-method> <!-- testDeposite -->
        <test-method status="PASS" signature="springTestContextAfterTestMethod(java.lang.reflect.Method)[pri:0, instance:com.nuance.him.dao.test.AccountDaoImplTest@6e2c9341]" name="springTestContextAfterTestMethod" is-config="true" duration-ms="3" started-at="2019-01-17T19:32:35Z" finished-at="2019-01-17T19:32:35Z">
          <params>
            <param index="0">
              <value>
                <![CDATA[public void com.nuance.him.dao.test.AccountDaoImplTest.testDeposite() throws java.lang.Exception]]>
              </value>
            </param>
          </params>
          <reporter-output>
          </reporter-output>
        </test-method> <!-- springTestContextAfterTestMethod -->
        <test-method status="PASS" signature="springTestContextBeforeTestMethod(java.lang.reflect.Method)[pri:0, instance:com.nuance.him.dao.test.AccountDaoImplTest@6e2c9341]" name="springTestContextBeforeTestMethod" is-config="true" duration-ms="18" started-at="2019-01-17T19:32:35Z" finished-at="2019-01-17T19:32:35Z">
          <params>
            <param index="0">
              <value>
                <![CDATA[public void com.nuance.him.dao.test.AccountDaoImplTest.testGetAccountDetails() throws java.lang.Exception]]>
              </value>
            </param>
          </params>
          <reporter-output>
          </reporter-output>
        </test-method> <!-- springTestContextBeforeTestMethod -->
        <test-method status="PASS" signature="setUp()[pri:0, instance:com.nuance.him.dao.test.AccountDaoImplTest@6e2c9341]" name="setUp" is-config="true" duration-ms="1" started-at="2019-01-17T19:32:35Z" finished-at="2019-01-17T19:32:35Z">
          <reporter-output>
          </reporter-output>
        </test-method> <!-- setUp -->
        <test-method status="PASS" signature="testGetAccountDetails()[pri:0, instance:com.nuance.him.dao.test.AccountDaoImplTest@6e2c9341]" name="testGetAccountDetails" duration-ms="2" started-at="2019-01-17T19:32:35Z" finished-at="2019-01-17T19:32:35Z">
          <reporter-output>
          </reporter-output>
        </test-method> <!-- testGetAccountDetails -->
        <test-method status="PASS" signature="springTestContextAfterTestMethod(java.lang.reflect.Method)[pri:0, instance:com.nuance.him.dao.test.AccountDaoImplTest@6e2c9341]" name="springTestContextAfterTestMethod" is-config="true" duration-ms="1" started-at="2019-01-17T19:32:35Z" finished-at="2019-01-17T19:32:35Z">
          <params>
            <param index="0">
              <value>
                <![CDATA[public void com.nuance.him.dao.test.AccountDaoImplTest.testGetAccountDetails() throws java.lang.Exception]]>
              </value>
            </param>
          </params>
          <reporter-output>
          </reporter-output>
        </test-method> <!-- springTestContextAfterTestMethod -->
        <test-method status="PASS" signature="springTestContextBeforeTestMethod(java.lang.reflect.Method)[pri:0, instance:com.nuance.him.dao.test.AccountDaoImplTest@6e2c9341]" name="springTestContextBeforeTestMethod" is-config="true" duration-ms="18" started-at="2019-01-17T19:32:35Z" finished-at="2019-01-17T19:32:35Z">
          <params>
            <param index="0">
              <value>
                <![CDATA[public void com.nuance.him.dao.test.AccountDaoImplTest.testGetBalance() throws java.lang.Exception]]>
              </value>
            </param>
          </params>
          <reporter-output>
          </reporter-output>
        </test-method> <!-- springTestContextBeforeTestMethod -->
        <test-method status="PASS" signature="testGetBalance()[pri:0, instance:com.nuance.him.dao.test.AccountDaoImplTest@6e2c9341]" name="testGetBalance" duration-ms="1" started-at="2019-01-17T19:32:35Z" finished-at="2019-01-17T19:32:35Z">
          <reporter-output>
          </reporter-output>
        </test-method> <!-- testGetBalance -->
        <test-method status="PASS" signature="setUp()[pri:0, instance:com.nuance.him.dao.test.AccountDaoImplTest@6e2c9341]" name="setUp" is-config="true" duration-ms="0" started-at="2019-01-17T19:32:35Z" finished-at="2019-01-17T19:32:35Z">
          <reporter-output>
          </reporter-output>
        </test-method> <!-- setUp -->
        <test-method status="PASS" signature="springTestContextAfterTestMethod(java.lang.reflect.Method)[pri:0, instance:com.nuance.him.dao.test.AccountDaoImplTest@6e2c9341]" name="springTestContextAfterTestMethod" is-config="true" duration-ms="2" started-at="2019-01-17T19:32:35Z" finished-at="2019-01-17T19:32:35Z">
          <params>
            <param index="0">
              <value>
                <![CDATA[public void com.nuance.him.dao.test.AccountDaoImplTest.testGetBalance() throws java.lang.Exception]]>
              </value>
            </param>
          </params>
          <reporter-output>
          </reporter-output>
        </test-method> <!-- springTestContextAfterTestMethod -->
        <test-method status="PASS" signature="springTestContextBeforeTestMethod(java.lang.reflect.Method)[pri:0, instance:com.nuance.him.dao.test.AccountDaoImplTest@6e2c9341]" name="springTestContextBeforeTestMethod" is-config="true" duration-ms="17" started-at="2019-01-17T19:32:35Z" finished-at="2019-01-17T19:32:35Z">
          <params>
            <param index="0">
              <value>
                <![CDATA[public void com.nuance.him.dao.test.AccountDaoImplTest.testOpenAccount() throws java.lang.Exception]]>
              </value>
            </param>
          </params>
          <reporter-output>
          </reporter-output>
        </test-method> <!-- springTestContextBeforeTestMethod -->
        <test-method status="PASS" signature="testOpenAccount()[pri:0, instance:com.nuance.him.dao.test.AccountDaoImplTest@6e2c9341]" name="testOpenAccount" duration-ms="6" started-at="2019-01-17T19:32:35Z" finished-at="2019-01-17T19:32:35Z">
          <reporter-output>
          </reporter-output>
        </test-method> <!-- testOpenAccount -->
        <test-method status="PASS" signature="setUp()[pri:0, instance:com.nuance.him.dao.test.AccountDaoImplTest@6e2c9341]" name="setUp" is-config="true" duration-ms="0" started-at="2019-01-17T19:32:35Z" finished-at="2019-01-17T19:32:35Z">
          <reporter-output>
          </reporter-output>
        </test-method> <!-- setUp -->
        <test-method status="PASS" signature="springTestContextAfterTestMethod(java.lang.reflect.Method)[pri:0, instance:com.nuance.him.dao.test.AccountDaoImplTest@6e2c9341]" name="springTestContextAfterTestMethod" is-config="true" duration-ms="1" started-at="2019-01-17T19:32:35Z" finished-at="2019-01-17T19:32:35Z">
          <params>
            <param index="0">
              <value>
                <![CDATA[public void com.nuance.him.dao.test.AccountDaoImplTest.testOpenAccount() throws java.lang.Exception]]>
              </value>
            </param>
          </params>
          <reporter-output>
          </reporter-output>
        </test-method> <!-- springTestContextAfterTestMethod -->
        <test-method status="PASS" signature="springTestContextAfterTestClass()[pri:0, instance:com.nuance.him.dao.test.AccountDaoImplTest@6e2c9341]" name="springTestContextAfterTestClass" is-config="true" duration-ms="0" started-at="2019-01-17T19:32:35Z" finished-at="2019-01-17T19:32:35Z">
          <reporter-output>
          </reporter-output>
        </test-method> <!-- springTestContextAfterTestClass -->
      </class> <!-- com.nuance.him.dao.test.AccountDaoImplTest -->
      <class name="com.nuance.him.dao.test.CustomerDaoImplTest">
        <test-method status="PASS" signature="springTestContextPrepareTestInstance()[pri:0, instance:com.nuance.him.dao.test.CustomerDaoImplTest@290dbf45]" name="springTestContextPrepareTestInstance" is-config="true" duration-ms="17" started-at="2019-01-17T19:32:35Z" depends-on-methods="org.springframework.test.context.testng.AbstractTestNGSpringContextTests.springTestContextBeforeTestClass" finished-at="2019-01-17T19:32:35Z">
          <reporter-output>
          </reporter-output>
        </test-method> <!-- springTestContextPrepareTestInstance -->
        <test-method status="PASS" signature="springTestContextBeforeTestClass()[pri:0, instance:com.nuance.him.dao.test.CustomerDaoImplTest@290dbf45]" name="springTestContextBeforeTestClass" is-config="true" duration-ms="0" started-at="2019-01-17T19:32:35Z" finished-at="2019-01-17T19:32:35Z">
          <reporter-output>
          </reporter-output>
        </test-method> <!-- springTestContextBeforeTestClass -->
        <test-method status="PASS" signature="springTestContextBeforeTestMethod(java.lang.reflect.Method)[pri:0, instance:com.nuance.him.dao.test.CustomerDaoImplTest@290dbf45]" name="springTestContextBeforeTestMethod" is-config="true" duration-ms="22" started-at="2019-01-17T19:32:35Z" finished-at="2019-01-17T19:32:35Z">
          <params>
            <param index="0">
              <value>
                <![CDATA[public void com.nuance.him.dao.test.CustomerDaoImplTest.testAddCustomer() throws java.lang.Exception]]>
              </value>
            </param>
          </params>
          <reporter-output>
          </reporter-output>
        </test-method> <!-- springTestContextBeforeTestMethod -->
        <test-method status="PASS" signature="setUp()[pri:0, instance:com.nuance.him.dao.test.CustomerDaoImplTest@290dbf45]" name="setUp" is-config="true" duration-ms="2" started-at="2019-01-17T19:32:35Z" finished-at="2019-01-17T19:32:35Z">
          <reporter-output>
          </reporter-output>
        </test-method> <!-- setUp -->
        <test-method status="PASS" signature="testAddCustomer()[pri:0, instance:com.nuance.him.dao.test.CustomerDaoImplTest@290dbf45]" name="testAddCustomer" duration-ms="2" started-at="2019-01-17T19:32:35Z" finished-at="2019-01-17T19:32:35Z">
          <reporter-output>
          </reporter-output>
        </test-method> <!-- testAddCustomer -->
        <test-method status="PASS" signature="springTestContextAfterTestMethod(java.lang.reflect.Method)[pri:0, instance:com.nuance.him.dao.test.CustomerDaoImplTest@290dbf45]" name="springTestContextAfterTestMethod" is-config="true" duration-ms="1" started-at="2019-01-17T19:32:35Z" finished-at="2019-01-17T19:32:35Z">
          <params>
            <param index="0">
              <value>
                <![CDATA[public void com.nuance.him.dao.test.CustomerDaoImplTest.testAddCustomer() throws java.lang.Exception]]>
              </value>
            </param>
          </params>
          <reporter-output>
          </reporter-output>
        </test-method> <!-- springTestContextAfterTestMethod -->
        <test-method status="PASS" signature="springTestContextBeforeTestMethod(java.lang.reflect.Method)[pri:0, instance:com.nuance.him.dao.test.CustomerDaoImplTest@290dbf45]" name="springTestContextBeforeTestMethod" is-config="true" duration-ms="14" started-at="2019-01-17T19:32:35Z" finished-at="2019-01-17T19:32:35Z">
          <params>
            <param index="0">
              <value>
                <![CDATA[public void com.nuance.him.dao.test.CustomerDaoImplTest.testDisplayCustomer() throws java.lang.Exception]]>
              </value>
            </param>
          </params>
          <reporter-output>
          </reporter-output>
        </test-method> <!-- springTestContextBeforeTestMethod -->
        <test-method status="PASS" signature="setUp()[pri:0, instance:com.nuance.him.dao.test.CustomerDaoImplTest@290dbf45]" name="setUp" is-config="true" duration-ms="0" started-at="2019-01-17T19:32:35Z" finished-at="2019-01-17T19:32:35Z">
          <reporter-output>
          </reporter-output>
        </test-method> <!-- setUp -->
        <test-method status="PASS" signature="testDisplayCustomer()[pri:0, instance:com.nuance.him.dao.test.CustomerDaoImplTest@290dbf45]" name="testDisplayCustomer" duration-ms="3" started-at="2019-01-17T19:32:35Z" finished-at="2019-01-17T19:32:35Z">
          <reporter-output>
          </reporter-output>
        </test-method> <!-- testDisplayCustomer -->
        <test-method status="PASS" signature="springTestContextAfterTestMethod(java.lang.reflect.Method)[pri:0, instance:com.nuance.him.dao.test.CustomerDaoImplTest@290dbf45]" name="springTestContextAfterTestMethod" is-config="true" duration-ms="1" started-at="2019-01-17T19:32:35Z" finished-at="2019-01-17T19:32:35Z">
          <params>
            <param index="0">
              <value>
                <![CDATA[public void com.nuance.him.dao.test.CustomerDaoImplTest.testDisplayCustomer() throws java.lang.Exception]]>
              </value>
            </param>
          </params>
          <reporter-output>
          </reporter-output>
        </test-method> <!-- springTestContextAfterTestMethod -->
        <test-method status="PASS" signature="springTestContextAfterTestClass()[pri:0, instance:com.nuance.him.dao.test.CustomerDaoImplTest@290dbf45]" name="springTestContextAfterTestClass" is-config="true" duration-ms="0" started-at="2019-01-17T19:32:35Z" finished-at="2019-01-17T19:32:35Z">
          <reporter-output>
          </reporter-output>
        </test-method> <!-- springTestContextAfterTestClass -->
      </class> <!-- com.nuance.him.dao.test.CustomerDaoImplTest -->
      <class name="com.nuance.him.dao.test.TransferDaoImplTest">
        <test-method status="PASS" signature="springTestContextBeforeTestClass()[pri:0, instance:com.nuance.him.dao.test.TransferDaoImplTest@2d127a61]" name="springTestContextBeforeTestClass" is-config="true" duration-ms="0" started-at="2019-01-17T19:32:35Z" finished-at="2019-01-17T19:32:35Z">
          <reporter-output>
          </reporter-output>
        </test-method> <!-- springTestContextBeforeTestClass -->
        <test-method status="PASS" signature="springTestContextPrepareTestInstance()[pri:0, instance:com.nuance.him.dao.test.TransferDaoImplTest@2d127a61]" name="springTestContextPrepareTestInstance" is-config="true" duration-ms="4" started-at="2019-01-17T19:32:35Z" depends-on-methods="org.springframework.test.context.testng.AbstractTestNGSpringContextTests.springTestContextBeforeTestClass" finished-at="2019-01-17T19:32:35Z">
          <reporter-output>
          </reporter-output>
        </test-method> <!-- springTestContextPrepareTestInstance -->
        <test-method status="PASS" signature="springTestContextBeforeTestMethod(java.lang.reflect.Method)[pri:0, instance:com.nuance.him.dao.test.TransferDaoImplTest@2d127a61]" name="springTestContextBeforeTestMethod" is-config="true" duration-ms="0" started-at="2019-01-17T19:32:35Z" finished-at="2019-01-17T19:32:35Z">
          <params>
            <param index="0">
              <value>
                <![CDATA[public void com.nuance.him.dao.test.TransferDaoImplTest.testTransactionHistory() throws java.lang.Exception]]>
              </value>
            </param>
          </params>
          <reporter-output>
          </reporter-output>
        </test-method> <!-- springTestContextBeforeTestMethod -->
        <test-method status="PASS" signature="setUp()[pri:0, instance:com.nuance.him.dao.test.TransferDaoImplTest@2d127a61]" name="setUp" is-config="true" duration-ms="1" started-at="2019-01-17T19:32:35Z" finished-at="2019-01-17T19:32:35Z">
          <reporter-output>
          </reporter-output>
        </test-method> <!-- setUp -->
        <test-method status="PASS" signature="testTransactionHistory()[pri:0, instance:com.nuance.him.dao.test.TransferDaoImplTest@2d127a61]" name="testTransactionHistory" duration-ms="16" started-at="2019-01-17T19:32:35Z" finished-at="2019-01-17T19:32:35Z">
          <reporter-output>
          </reporter-output>
        </test-method> <!-- testTransactionHistory -->
        <test-method status="PASS" signature="springTestContextAfterTestMethod(java.lang.reflect.Method)[pri:0, instance:com.nuance.him.dao.test.TransferDaoImplTest@2d127a61]" name="springTestContextAfterTestMethod" is-config="true" duration-ms="0" started-at="2019-01-17T19:32:35Z" finished-at="2019-01-17T19:32:35Z">
          <params>
            <param index="0">
              <value>
                <![CDATA[public void com.nuance.him.dao.test.TransferDaoImplTest.testTransactionHistory() throws java.lang.Exception]]>
              </value>
            </param>
          </params>
          <reporter-output>
          </reporter-output>
        </test-method> <!-- springTestContextAfterTestMethod -->
        <test-method status="PASS" signature="setUp()[pri:0, instance:com.nuance.him.dao.test.TransferDaoImplTest@2d127a61]" name="setUp" is-config="true" duration-ms="0" started-at="2019-01-17T19:32:35Z" finished-at="2019-01-17T19:32:35Z">
          <reporter-output>
          </reporter-output>
        </test-method> <!-- setUp -->
        <test-method status="PASS" signature="testTransferAmount()[pri:0, instance:com.nuance.him.dao.test.TransferDaoImplTest@2d127a61]" name="testTransferAmount" duration-ms="40" started-at="2019-01-17T19:32:35Z" finished-at="2019-01-17T19:32:35Z">
          <reporter-output>
          </reporter-output>
        </test-method> <!-- testTransferAmount -->
        <test-method status="PASS" signature="springTestContextBeforeTestMethod(java.lang.reflect.Method)[pri:0, instance:com.nuance.him.dao.test.TransferDaoImplTest@2d127a61]" name="springTestContextBeforeTestMethod" is-config="true" duration-ms="0" started-at="2019-01-17T19:32:35Z" finished-at="2019-01-17T19:32:35Z">
          <params>
            <param index="0">
              <value>
                <![CDATA[public void com.nuance.him.dao.test.TransferDaoImplTest.testTransferAmount() throws java.lang.Exception]]>
              </value>
            </param>
          </params>
          <reporter-output>
          </reporter-output>
        </test-method> <!-- springTestContextBeforeTestMethod -->
        <test-method status="PASS" signature="springTestContextAfterTestClass()[pri:0, instance:com.nuance.him.dao.test.TransferDaoImplTest@2d127a61]" name="springTestContextAfterTestClass" is-config="true" duration-ms="0" started-at="2019-01-17T19:32:35Z" finished-at="2019-01-17T19:32:35Z">
          <reporter-output>
          </reporter-output>
        </test-method> <!-- springTestContextAfterTestClass -->
        <test-method status="PASS" signature="springTestContextAfterTestMethod(java.lang.reflect.Method)[pri:0, instance:com.nuance.him.dao.test.TransferDaoImplTest@2d127a61]" name="springTestContextAfterTestMethod" is-config="true" duration-ms="0" started-at="2019-01-17T19:32:35Z" finished-at="2019-01-17T19:32:35Z">
          <params>
            <param index="0">
              <value>
                <![CDATA[public void com.nuance.him.dao.test.TransferDaoImplTest.testTransferAmount() throws java.lang.Exception]]>
              </value>
            </param>
          </params>
          <reporter-output>
          </reporter-output>
        </test-method> <!-- springTestContextAfterTestMethod -->
      </class> <!-- com.nuance.him.dao.test.TransferDaoImplTest -->
    </test> <!-- Surefire test -->
  </suite> <!-- Surefire suite -->
</testng-results>
