<?xml version="1.0" encoding="UTF-8"?>
<testng-results skipped="0" failed="0" total="2" passed="2">
  <reporter-output>
  </reporter-output>
  <suite name="Surefire suite" duration-ms="1018" started-at="2019-01-11T05:43:09Z" finished-at="2019-01-11T05:43:10Z">
    <groups>
    </groups>
    <test name="Surefire test" duration-ms="1018" started-at="2019-01-11T05:43:09Z" finished-at="2019-01-11T05:43:10Z">
      <class name="com.nuance.him.dao.customer.CustomerDAOImplTest">
        <test-method status="PASS" signature="springTestContextBeforeTestClass()[pri:0, instance:com.nuance.him.dao.customer.CustomerDAOImplTest@58a90037]" name="springTestContextBeforeTestClass" is-config="true" duration-ms="7" started-at="2019-01-11T11:13:09Z" finished-at="2019-01-11T11:13:09Z">
          <reporter-output>
          </reporter-output>
        </test-method> <!-- springTestContextBeforeTestClass -->
        <test-method status="PASS" signature="springTestContextPrepareTestInstance()[pri:0, instance:com.nuance.him.dao.customer.CustomerDAOImplTest@58a90037]" name="springTestContextPrepareTestInstance" is-config="true" duration-ms="849" started-at="2019-01-11T11:13:09Z" depends-on-methods="org.springframework.test.context.testng.AbstractTestNGSpringContextTests.springTestContextBeforeTestClass" finished-at="2019-01-11T11:13:10Z">
          <reporter-output>
          </reporter-output>
        </test-method> <!-- springTestContextPrepareTestInstance -->
        <test-method status="PASS" signature="springTestContextBeforeTestMethod(java.lang.reflect.Method)[pri:0, instance:com.nuance.him.dao.customer.CustomerDAOImplTest@58a90037]" name="springTestContextBeforeTestMethod" is-config="true" duration-ms="35" started-at="2019-01-11T11:13:10Z" finished-at="2019-01-11T11:13:10Z">
          <params>
            <param index="0">
              <value>
                <![CDATA[public void com.nuance.him.dao.customer.CustomerDAOImplTest.testAddCustomer() throws java.lang.Exception]]>
              </value>
            </param>
          </params>
          <reporter-output>
          </reporter-output>
        </test-method> <!-- springTestContextBeforeTestMethod -->
        <test-method status="PASS" signature="setUp()[pri:0, instance:com.nuance.him.dao.customer.CustomerDAOImplTest@58a90037]" name="setUp" is-config="true" duration-ms="5" started-at="2019-01-11T11:13:10Z" finished-at="2019-01-11T11:13:10Z">
          <reporter-output>
          </reporter-output>
        </test-method> <!-- setUp -->
        <test-method status="PASS" signature="testAddCustomer()[pri:0, instance:com.nuance.him.dao.customer.CustomerDAOImplTest@58a90037]" name="testAddCustomer" duration-ms="82" started-at="2019-01-11T11:13:10Z" finished-at="2019-01-11T11:13:10Z">
          <reporter-output>
          </reporter-output>
        </test-method> <!-- testAddCustomer -->
        <test-method status="PASS" signature="springTestContextAfterTestMethod(java.lang.reflect.Method)[pri:0, instance:com.nuance.him.dao.customer.CustomerDAOImplTest@58a90037]" name="springTestContextAfterTestMethod" is-config="true" duration-ms="3" started-at="2019-01-11T11:13:10Z" finished-at="2019-01-11T11:13:10Z">
          <params>
            <param index="0">
              <value>
                <![CDATA[public void com.nuance.him.dao.customer.CustomerDAOImplTest.testAddCustomer() throws java.lang.Exception]]>
              </value>
            </param>
          </params>
          <reporter-output>
          </reporter-output>
        </test-method> <!-- springTestContextAfterTestMethod -->
        <test-method status="PASS" signature="springTestContextBeforeTestMethod(java.lang.reflect.Method)[pri:0, instance:com.nuance.him.dao.customer.CustomerDAOImplTest@58a90037]" name="springTestContextBeforeTestMethod" is-config="true" duration-ms="22" started-at="2019-01-11T11:13:10Z" finished-at="2019-01-11T11:13:10Z">
          <params>
            <param index="0">
              <value>
                <![CDATA[public void com.nuance.him.dao.customer.CustomerDAOImplTest.testDisplayCustomer() throws java.lang.Exception]]>
              </value>
            </param>
          </params>
          <reporter-output>
          </reporter-output>
        </test-method> <!-- springTestContextBeforeTestMethod -->
        <test-method status="PASS" signature="setUp()[pri:0, instance:com.nuance.him.dao.customer.CustomerDAOImplTest@58a90037]" name="setUp" is-config="true" duration-ms="0" started-at="2019-01-11T11:13:10Z" finished-at="2019-01-11T11:13:10Z">
          <reporter-output>
          </reporter-output>
        </test-method> <!-- setUp -->
        <test-method status="PASS" signature="testDisplayCustomer()[pri:0, instance:com.nuance.him.dao.customer.CustomerDAOImplTest@58a90037]" name="testDisplayCustomer" duration-ms="4" started-at="2019-01-11T11:13:10Z" finished-at="2019-01-11T11:13:10Z">
          <reporter-output>
          </reporter-output>
        </test-method> <!-- testDisplayCustomer -->
        <test-method status="PASS" signature="springTestContextAfterTestMethod(java.lang.reflect.Method)[pri:0, instance:com.nuance.him.dao.customer.CustomerDAOImplTest@58a90037]" name="springTestContextAfterTestMethod" is-config="true" duration-ms="1" started-at="2019-01-11T11:13:10Z" finished-at="2019-01-11T11:13:10Z">
          <params>
            <param index="0">
              <value>
                <![CDATA[public void com.nuance.him.dao.customer.CustomerDAOImplTest.testDisplayCustomer() throws java.lang.Exception]]>
              </value>
            </param>
          </params>
          <reporter-output>
          </reporter-output>
        </test-method> <!-- springTestContextAfterTestMethod -->
        <test-method status="PASS" signature="springTestContextAfterTestClass()[pri:0, instance:com.nuance.him.dao.customer.CustomerDAOImplTest@58a90037]" name="springTestContextAfterTestClass" is-config="true" duration-ms="0" started-at="2019-01-11T11:13:10Z" finished-at="2019-01-11T11:13:10Z">
          <reporter-output>
          </reporter-output>
        </test-method> <!-- springTestContextAfterTestClass -->
      </class> <!-- com.nuance.him.dao.customer.CustomerDAOImplTest -->
    </test> <!-- Surefire test -->
  </suite> <!-- Surefire suite -->
</testng-results>
