<?xml version="1.0" encoding="UTF-8"?>
<!-- Generated by org.testng.reporters.JUnitXMLReporter -->
<testsuite hostname="PUN-YMANGDE01" name="Surefire test" tests="14" failures="0" timestamp="25 Feb 2019 12:13:17 GMT" time="1.518" errors="0">
  <testcase name="testDeposite" time="0.083" classname="com.nuance.him.dao.test.SpringAccountDaoImplTest"/>
  <testcase name="testGetAccountDetails" time="0.016" classname="com.nuance.him.dao.test.SpringAccountDaoImplTest"/>
  <testcase name="testGetBalance" time="0.003" classname="com.nuance.him.dao.test.SpringAccountDaoImplTest"/>
  <testcase name="testOpenAccount" time="0.006" classname="com.nuance.him.dao.test.SpringAccountDaoImplTest"/>
  <testcase name="testWithDrawAmount" time="0.001" classname="com.nuance.him.dao.test.SpringAccountDaoImplTest"/>
  <testcase name="testDisplayAllAtmDetail" time="0.003" classname="com.nuance.him.dao.test.SpringAtmDaoImplTest"/>
  <testcase name="testIsAtmAlreadyTaken" time="0.001" classname="com.nuance.him.dao.test.SpringAtmDaoImplTest"/>
  <testcase name="testIssueAtm" time="0.017" classname="com.nuance.him.dao.test.SpringAtmDaoImplTest"/>
  <testcase name="testAddCustomer" time="0.002" classname="com.nuance.him.dao.test.SpringCustomerDaoImplTest"/>
  <testcase name="testDisplayCustomer" time="0.005" classname="com.nuance.him.dao.test.SpringCustomerDaoImplTest"/>
  <testcase name="testGetCustomerById" time="0.002" classname="com.nuance.him.dao.test.SpringCustomerDaoImplTest"/>
  <testcase name="testCalMonthlyInterest" time="0.002" classname="com.nuance.him.dao.test.SpringInterestDaoImplTest"/>
  <testcase name="testTransactionHistory" time="0.03" classname="com.nuance.him.dao.test.SpringTransferDaoImplTest"/>
  <testcase name="testTransferAmount" time="0.019" classname="com.nuance.him.dao.test.SpringTransferDaoImplTest"/>
</testsuite> <!-- Surefire test -->
