<?xml version="1.0" encoding="UTF-8"?>
<!-- Generated by org.testng.reporters.JUnitXMLReporter -->
<testsuite hostname="PUN-YMANGDE01" name="Surefire test" tests="15" failures="0" timestamp="25 Feb 2019 12:13:35 GMT" time="2.467" errors="0">
  <testcase name="testAccountDAO" time="0.006" classname="com.nuance.him.config.account.AccountControllerConfigTest"/>
  <testcase name="testCustomerServices" time="0.0" classname="com.nuance.him.config.account.AccountServiceConfigTest"/>
  <testcase name="testAccountDao" time="0.0" classname="com.nuance.him.config.account.SpringAccountDaoConfigTest"/>
  <testcase name="testAtmController" time="0.0" classname="com.nuance.him.config.atm.AtmControllerConfigTest"/>
  <testcase name="testAtmService" time="0.0" classname="com.nuance.him.config.atm.AtmServiceConfigTest"/>
  <testcase name="testAtmDao" time="0.0" classname="com.nuance.him.config.atm.SpringAtmDaoConfigTest"/>
  <testcase name="testCustomerDao" time="0.0" classname="com.nuance.him.config.customer.CustomerControllerConfigTest"/>
  <testcase name="testCustomerServices" time="0.0" classname="com.nuance.him.config.customer.CustomerServicesConfigTest"/>
  <testcase name="testCustomerDao" time="0.001" classname="com.nuance.him.config.customer.SpringCustomerDaoConfigTest"/>
  <testcase name="testInterestController" time="0.0" classname="com.nuance.him.config.interest.InterestControllerConfigTest"/>
  <testcase name="testInterestServices" time="0.0" classname="com.nuance.him.config.interest.InterestServiceConfigTest"/>
  <testcase name="testInterestCalcDao" time="0.0" classname="com.nuance.him.config.interest.SpringInterestDaoConfigTest"/>
  <testcase name="testTransactionDao" time="0.001" classname="com.nuance.him.config.transaction.SpringTransferDaoConfigTest"/>
  <testcase name="testAccountDAO" time="0.001" classname="com.nuance.him.config.transaction.TransferAmountControllerConfigTest"/>
  <testcase name="testTransactionServices" time="0.0" classname="com.nuance.him.config.transaction.TransferAmountServiceConfigTest"/>
</testsuite> <!-- Surefire test -->
