<?xml version="1.0" encoding="UTF-8"?>
<!-- Generated by org.testng.reporters.JUnitXMLReporter -->
<testsuite hostname="PUN-YMANGDE01" name="Surefire test" tests="8" failures="0" timestamp="17 Jan 2019 14:02:35 GMT" time="1.197" errors="0">
  <testcase name="testDeposite" time="0.083" classname="com.nuance.him.dao.test.AccountDaoImplTest"/>
  <testcase name="testGetAccountDetails" time="0.002" classname="com.nuance.him.dao.test.AccountDaoImplTest"/>
  <testcase name="testGetBalance" time="0.001" classname="com.nuance.him.dao.test.AccountDaoImplTest"/>
  <testcase name="testOpenAccount" time="0.006" classname="com.nuance.him.dao.test.AccountDaoImplTest"/>
  <testcase name="testAddCustomer" time="0.002" classname="com.nuance.him.dao.test.CustomerDaoImplTest"/>
  <testcase name="testDisplayCustomer" time="0.003" classname="com.nuance.him.dao.test.CustomerDaoImplTest"/>
  <testcase name="testTransactionHistory" time="0.016" classname="com.nuance.him.dao.test.TransferDaoImplTest"/>
  <testcase name="testTransferAmount" time="0.04" classname="com.nuance.him.dao.test.TransferDaoImplTest"/>
</testsuite> <!-- Surefire test -->
