<?xml version="1.0" encoding="UTF-8"?>
<!-- Generated by org.testng.reporters.JUnitXMLReporter -->
<testsuite hostname="PUN-YMANGDE01" name="Surefire test" tests="8" failures="0" timestamp="17 Jan 2019 07:20:52 GMT" time="1.216" errors="0">
  <testcase name="testDeposite" time="0.076" classname="com.nuance.him.dao.customer.AccountDaoImplTest"/>
  <testcase name="testGetAccountDetails" time="0.005" classname="com.nuance.him.dao.customer.AccountDaoImplTest"/>
  <testcase name="testGetBalance" time="0.001" classname="com.nuance.him.dao.customer.AccountDaoImplTest"/>
  <testcase name="testOpenAccount" time="0.005" classname="com.nuance.him.dao.customer.AccountDaoImplTest"/>
  <testcase name="testAddCustomer" time="0.002" classname="com.nuance.him.dao.customer.CustomerDaoImplTest"/>
  <testcase name="testDisplayCustomer" time="0.003" classname="com.nuance.him.dao.customer.CustomerDaoImplTest"/>
  <testcase name="testTransactionHistory" time="0.016" classname="com.nuance.him.dao.customer.TransactionDaoImplTest"/>
  <testcase name="testTransferAmount" time="0.056" classname="com.nuance.him.dao.customer.TransactionDaoImplTest"/>
</testsuite> <!-- Surefire test -->
