<?xml version="1.0" encoding="UTF-8"?>
<!-- Generated by org.testng.reporters.JUnitXMLReporter -->
<testsuite hostname="PUN-YMANGDE01" ignored="0" name="Surefire test" tests="9" failures="0" timestamp="2019-01-17T19:32:46 IST" time="1.644" errors="0">
  <testcase name="testAccountDAO" time="0.004" classname="com.nuance.him.config.account.AccountControllerConfigTest"/>
  <testcase name="testAccountDao" time="0.0" classname="com.nuance.him.config.account.AccountDaoConfigTest"/>
  <testcase name="testCustomerServices" time="0.0" classname="com.nuance.him.config.account.AccountServiceConfigTest"/>
  <testcase name="testCustomerDao" time="0.001" classname="com.nuance.him.config.customer.CustomerControllerConfigTest"/>
  <testcase name="testCustomerDao" time="0.0" classname="com.nuance.him.config.customer.CustomerDaoConfigTest"/>
  <testcase name="testCustomerServices" time="0.0" classname="com.nuance.him.config.customer.CustomerServicesConfigTest"/>
  <testcase name="testAccountDAO" time="0.0" classname="com.nuance.him.config.transaction.TransferAmountControllerConfigTest"/>
  <testcase name="testTransactionServices" time="0.0" classname="com.nuance.him.config.transaction.TransferAmountServiceConfigTest"/>
  <testcase name="testTransactionDao" time="0.001" classname="com.nuance.him.config.transaction.TransferDaoConfigTest"/>
</testsuite> <!-- Surefire test -->
