<?xml version="1.0" encoding="UTF-8"?>
<testng-results skipped="0" failed="0" ignored="0" total="9" passed="9">
  <reporter-output>
  </reporter-output>
  <suite name="Surefire suite" duration-ms="1645" started-at="2019-01-17T12:51:02 IST" finished-at="2019-01-17T12:51:03 IST">
    <groups>
    </groups>
    <test name="Surefire test" duration-ms="1645" started-at="2019-01-17T12:51:02 IST" finished-at="2019-01-17T12:51:03 IST">
      <class name="com.nuance.him.config.transaction.TransactionDaoConfigTest">
        <test-method status="PASS" signature="springTestContextBeforeTestClass()[pri:0, instance:com.nuance.him.config.transaction.TransactionDaoConfigTest@5d20e46]" name="springTestContextBeforeTestClass" is-config="true" duration-ms="0" started-at="2019-01-17T12:51:03 IST" finished-at="2019-01-17T12:51:03 IST">
          <reporter-output>
          </reporter-output>
        </test-method> <!-- springTestContextBeforeTestClass -->
        <test-method status="PASS" signature="springTestContextPrepareTestInstance()[pri:0, instance:com.nuance.him.config.transaction.TransactionDaoConfigTest@5d20e46]" name="springTestContextPrepareTestInstance" is-config="true" duration-ms="32" started-at="2019-01-17T12:51:03 IST" depends-on-methods="org.springframework.test.context.testng.AbstractTestNGSpringContextTests.springTestContextBeforeTestClass" finished-at="2019-01-17T12:51:03 IST">
          <reporter-output>
          </reporter-output>
        </test-method> <!-- springTestContextPrepareTestInstance -->
        <test-method status="PASS" signature="springTestContextBeforeTestMethod(java.lang.reflect.Method)[pri:0, instance:com.nuance.him.config.transaction.TransactionDaoConfigTest@5d20e46]" name="springTestContextBeforeTestMethod" is-config="true" duration-ms="1" started-at="2019-01-17T12:51:03 IST" finished-at="2019-01-17T12:51:03 IST">
          <params>
            <param index="0">
              <value>
                <![CDATA[public void com.nuance.him.config.transaction.TransactionDaoConfigTest.testTransactionDao()]]>
              </value>
            </param>
          </params>
          <reporter-output>
          </reporter-output>
        </test-method> <!-- springTestContextBeforeTestMethod -->
        <test-method status="PASS" signature="springTestContextAfterTestMethod(java.lang.reflect.Method)[pri:0, instance:com.nuance.him.config.transaction.TransactionDaoConfigTest@5d20e46]" name="springTestContextAfterTestMethod" is-config="true" duration-ms="0" started-at="2019-01-17T12:51:03 IST" finished-at="2019-01-17T12:51:03 IST">
          <params>
            <param index="0">
              <value>
                <![CDATA[public void com.nuance.him.config.transaction.TransactionDaoConfigTest.testTransactionDao()]]>
              </value>
            </param>
          </params>
          <reporter-output>
          </reporter-output>
        </test-method> <!-- springTestContextAfterTestMethod -->
        <test-method status="PASS" signature="springTestContextAfterTestClass()[pri:0, instance:com.nuance.him.config.transaction.TransactionDaoConfigTest@5d20e46]" name="springTestContextAfterTestClass" is-config="true" duration-ms="1" started-at="2019-01-17T12:51:03 IST" finished-at="2019-01-17T12:51:03 IST">
          <reporter-output>
          </reporter-output>
        </test-method> <!-- springTestContextAfterTestClass -->
        <test-method status="PASS" signature="testTransactionDao()[pri:0, instance:com.nuance.him.config.transaction.TransactionDaoConfigTest@5d20e46]" name="testTransactionDao" duration-ms="0" started-at="2019-01-17T12:51:03 IST" finished-at="2019-01-17T12:51:03 IST">
          <reporter-output>
          </reporter-output>
        </test-method> <!-- testTransactionDao -->
      </class> <!-- com.nuance.him.config.transaction.TransactionDaoConfigTest -->
      <class name="com.nuance.him.config.account.AccountServiceConfigTest">
        <test-method status="PASS" signature="springTestContextBeforeTestClass()[pri:0, instance:com.nuance.him.config.account.AccountServiceConfigTest@6b1274d2]" name="springTestContextBeforeTestClass" is-config="true" duration-ms="0" started-at="2019-01-17T12:51:03 IST" finished-at="2019-01-17T12:51:03 IST">
          <reporter-output>
          </reporter-output>
        </test-method> <!-- springTestContextBeforeTestClass -->
        <test-method status="PASS" signature="springTestContextPrepareTestInstance()[pri:0, instance:com.nuance.him.config.account.AccountServiceConfigTest@6b1274d2]" name="springTestContextPrepareTestInstance" is-config="true" duration-ms="40" started-at="2019-01-17T12:51:03 IST" depends-on-methods="org.springframework.test.context.testng.AbstractTestNGSpringContextTests.springTestContextBeforeTestClass" finished-at="2019-01-17T12:51:03 IST">
          <reporter-output>
          </reporter-output>
        </test-method> <!-- springTestContextPrepareTestInstance -->
        <test-method status="PASS" signature="springTestContextBeforeTestMethod(java.lang.reflect.Method)[pri:0, instance:com.nuance.him.config.account.AccountServiceConfigTest@6b1274d2]" name="springTestContextBeforeTestMethod" is-config="true" duration-ms="1" started-at="2019-01-17T12:51:03 IST" finished-at="2019-01-17T12:51:03 IST">
          <params>
            <param index="0">
              <value>
                <![CDATA[public void com.nuance.him.config.account.AccountServiceConfigTest.testCustomerServices()]]>
              </value>
            </param>
          </params>
          <reporter-output>
          </reporter-output>
        </test-method> <!-- springTestContextBeforeTestMethod -->
        <test-method status="PASS" signature="testCustomerServices()[pri:0, instance:com.nuance.him.config.account.AccountServiceConfigTest@6b1274d2]" name="testCustomerServices" duration-ms="0" started-at="2019-01-17T12:51:03 IST" finished-at="2019-01-17T12:51:03 IST">
          <reporter-output>
          </reporter-output>
        </test-method> <!-- testCustomerServices -->
        <test-method status="PASS" signature="springTestContextAfterTestClass()[pri:0, instance:com.nuance.him.config.account.AccountServiceConfigTest@6b1274d2]" name="springTestContextAfterTestClass" is-config="true" duration-ms="0" started-at="2019-01-17T12:51:03 IST" finished-at="2019-01-17T12:51:03 IST">
          <reporter-output>
          </reporter-output>
        </test-method> <!-- springTestContextAfterTestClass -->
        <test-method status="PASS" signature="springTestContextAfterTestMethod(java.lang.reflect.Method)[pri:0, instance:com.nuance.him.config.account.AccountServiceConfigTest@6b1274d2]" name="springTestContextAfterTestMethod" is-config="true" duration-ms="0" started-at="2019-01-17T12:51:03 IST" finished-at="2019-01-17T12:51:03 IST">
          <params>
            <param index="0">
              <value>
                <![CDATA[public void com.nuance.him.config.account.AccountServiceConfigTest.testCustomerServices()]]>
              </value>
            </param>
          </params>
          <reporter-output>
          </reporter-output>
        </test-method> <!-- springTestContextAfterTestMethod -->
      </class> <!-- com.nuance.him.config.account.AccountServiceConfigTest -->
      <class name="com.nuance.him.config.customer.CustomerDaoConfigTest">
        <test-method status="PASS" signature="springTestContextBeforeTestClass()[pri:0, instance:com.nuance.him.config.customer.CustomerDaoConfigTest@70b0b186]" name="springTestContextBeforeTestClass" is-config="true" duration-ms="1" started-at="2019-01-17T12:51:03 IST" finished-at="2019-01-17T12:51:03 IST">
          <reporter-output>
          </reporter-output>
        </test-method> <!-- springTestContextBeforeTestClass -->
        <test-method status="PASS" signature="springTestContextPrepareTestInstance()[pri:0, instance:com.nuance.him.config.customer.CustomerDaoConfigTest@70b0b186]" name="springTestContextPrepareTestInstance" is-config="true" duration-ms="30" started-at="2019-01-17T12:51:03 IST" depends-on-methods="org.springframework.test.context.testng.AbstractTestNGSpringContextTests.springTestContextBeforeTestClass" finished-at="2019-01-17T12:51:03 IST">
          <reporter-output>
          </reporter-output>
        </test-method> <!-- springTestContextPrepareTestInstance -->
        <test-method status="PASS" signature="testCustomerDao()[pri:0, instance:com.nuance.him.config.customer.CustomerDaoConfigTest@70b0b186]" name="testCustomerDao" duration-ms="0" started-at="2019-01-17T12:51:03 IST" finished-at="2019-01-17T12:51:03 IST">
          <reporter-output>
          </reporter-output>
        </test-method> <!-- testCustomerDao -->
        <test-method status="PASS" signature="springTestContextBeforeTestMethod(java.lang.reflect.Method)[pri:0, instance:com.nuance.him.config.customer.CustomerDaoConfigTest@70b0b186]" name="springTestContextBeforeTestMethod" is-config="true" duration-ms="0" started-at="2019-01-17T12:51:03 IST" finished-at="2019-01-17T12:51:03 IST">
          <params>
            <param index="0">
              <value>
                <![CDATA[public void com.nuance.him.config.customer.CustomerDaoConfigTest.testCustomerDao()]]>
              </value>
            </param>
          </params>
          <reporter-output>
          </reporter-output>
        </test-method> <!-- springTestContextBeforeTestMethod -->
        <test-method status="PASS" signature="springTestContextAfterTestClass()[pri:0, instance:com.nuance.him.config.customer.CustomerDaoConfigTest@70b0b186]" name="springTestContextAfterTestClass" is-config="true" duration-ms="0" started-at="2019-01-17T12:51:03 IST" finished-at="2019-01-17T12:51:03 IST">
          <reporter-output>
          </reporter-output>
        </test-method> <!-- springTestContextAfterTestClass -->
        <test-method status="PASS" signature="springTestContextAfterTestMethod(java.lang.reflect.Method)[pri:0, instance:com.nuance.him.config.customer.CustomerDaoConfigTest@70b0b186]" name="springTestContextAfterTestMethod" is-config="true" duration-ms="0" started-at="2019-01-17T12:51:03 IST" finished-at="2019-01-17T12:51:03 IST">
          <params>
            <param index="0">
              <value>
                <![CDATA[public void com.nuance.him.config.customer.CustomerDaoConfigTest.testCustomerDao()]]>
              </value>
            </param>
          </params>
          <reporter-output>
          </reporter-output>
        </test-method> <!-- springTestContextAfterTestMethod -->
      </class> <!-- com.nuance.him.config.customer.CustomerDaoConfigTest -->
      <class name="com.nuance.him.config.customer.CustomerControllerConfigTest">
        <test-method status="PASS" signature="springTestContextBeforeTestClass()[pri:0, instance:com.nuance.him.config.customer.CustomerControllerConfigTest@7bc1a03d]" name="springTestContextBeforeTestClass" is-config="true" duration-ms="0" started-at="2019-01-17T12:51:03 IST" finished-at="2019-01-17T12:51:03 IST">
          <reporter-output>
          </reporter-output>
        </test-method> <!-- springTestContextBeforeTestClass -->
        <test-method status="PASS" signature="springTestContextPrepareTestInstance()[pri:0, instance:com.nuance.him.config.customer.CustomerControllerConfigTest@7bc1a03d]" name="springTestContextPrepareTestInstance" is-config="true" duration-ms="99" started-at="2019-01-17T12:51:03 IST" depends-on-methods="org.springframework.test.context.testng.AbstractTestNGSpringContextTests.springTestContextBeforeTestClass" finished-at="2019-01-17T12:51:03 IST">
          <reporter-output>
          </reporter-output>
        </test-method> <!-- springTestContextPrepareTestInstance -->
        <test-method status="PASS" signature="testCustomerDao()[pri:0, instance:com.nuance.him.config.customer.CustomerControllerConfigTest@7bc1a03d]" name="testCustomerDao" duration-ms="0" started-at="2019-01-17T12:51:03 IST" finished-at="2019-01-17T12:51:03 IST">
          <reporter-output>
          </reporter-output>
        </test-method> <!-- testCustomerDao -->
        <test-method status="PASS" signature="springTestContextBeforeTestMethod(java.lang.reflect.Method)[pri:0, instance:com.nuance.him.config.customer.CustomerControllerConfigTest@7bc1a03d]" name="springTestContextBeforeTestMethod" is-config="true" duration-ms="0" started-at="2019-01-17T12:51:03 IST" finished-at="2019-01-17T12:51:03 IST">
          <params>
            <param index="0">
              <value>
                <![CDATA[public void com.nuance.him.config.customer.CustomerControllerConfigTest.testCustomerDao()]]>
              </value>
            </param>
          </params>
          <reporter-output>
          </reporter-output>
        </test-method> <!-- springTestContextBeforeTestMethod -->
        <test-method status="PASS" signature="springTestContextAfterTestClass()[pri:0, instance:com.nuance.him.config.customer.CustomerControllerConfigTest@7bc1a03d]" name="springTestContextAfterTestClass" is-config="true" duration-ms="0" started-at="2019-01-17T12:51:03 IST" finished-at="2019-01-17T12:51:03 IST">
          <reporter-output>
          </reporter-output>
        </test-method> <!-- springTestContextAfterTestClass -->
        <test-method status="PASS" signature="springTestContextAfterTestMethod(java.lang.reflect.Method)[pri:0, instance:com.nuance.him.config.customer.CustomerControllerConfigTest@7bc1a03d]" name="springTestContextAfterTestMethod" is-config="true" duration-ms="0" started-at="2019-01-17T12:51:03 IST" finished-at="2019-01-17T12:51:03 IST">
          <params>
            <param index="0">
              <value>
                <![CDATA[public void com.nuance.him.config.customer.CustomerControllerConfigTest.testCustomerDao()]]>
              </value>
            </param>
          </params>
          <reporter-output>
          </reporter-output>
        </test-method> <!-- springTestContextAfterTestMethod -->
      </class> <!-- com.nuance.him.config.customer.CustomerControllerConfigTest -->
      <class name="com.nuance.him.config.account.AccountControllerConfigTest">
        <test-method status="PASS" signature="springTestContextBeforeTestClass()[pri:0, instance:com.nuance.him.config.account.AccountControllerConfigTest@551bdc27]" name="springTestContextBeforeTestClass" is-config="true" duration-ms="12" started-at="2019-01-17T12:51:02 IST" finished-at="2019-01-17T12:51:02 IST">
          <reporter-output>
          </reporter-output>
        </test-method> <!-- springTestContextBeforeTestClass -->
        <test-method status="PASS" signature="springTestContextPrepareTestInstance()[pri:0, instance:com.nuance.him.config.account.AccountControllerConfigTest@551bdc27]" name="springTestContextPrepareTestInstance" is-config="true" duration-ms="1092" started-at="2019-01-17T12:51:02 IST" depends-on-methods="org.springframework.test.context.testng.AbstractTestNGSpringContextTests.springTestContextBeforeTestClass" finished-at="2019-01-17T12:51:03 IST">
          <reporter-output>
          </reporter-output>
        </test-method> <!-- springTestContextPrepareTestInstance -->
        <test-method status="PASS" signature="springTestContextBeforeTestMethod(java.lang.reflect.Method)[pri:0, instance:com.nuance.him.config.account.AccountControllerConfigTest@551bdc27]" name="springTestContextBeforeTestMethod" is-config="true" duration-ms="2" started-at="2019-01-17T12:51:03 IST" finished-at="2019-01-17T12:51:03 IST">
          <params>
            <param index="0">
              <value>
                <![CDATA[public void com.nuance.him.config.account.AccountControllerConfigTest.testAccountDAO()]]>
              </value>
            </param>
          </params>
          <reporter-output>
          </reporter-output>
        </test-method> <!-- springTestContextBeforeTestMethod -->
        <test-method status="PASS" signature="testAccountDAO()[pri:0, instance:com.nuance.him.config.account.AccountControllerConfigTest@551bdc27]" name="testAccountDAO" duration-ms="3" started-at="2019-01-17T12:51:03 IST" finished-at="2019-01-17T12:51:03 IST">
          <reporter-output>
          </reporter-output>
        </test-method> <!-- testAccountDAO -->
        <test-method status="PASS" signature="springTestContextAfterTestMethod(java.lang.reflect.Method)[pri:0, instance:com.nuance.him.config.account.AccountControllerConfigTest@551bdc27]" name="springTestContextAfterTestMethod" is-config="true" duration-ms="1" started-at="2019-01-17T12:51:03 IST" finished-at="2019-01-17T12:51:03 IST">
          <params>
            <param index="0">
              <value>
                <![CDATA[public void com.nuance.him.config.account.AccountControllerConfigTest.testAccountDAO()]]>
              </value>
            </param>
          </params>
          <reporter-output>
          </reporter-output>
        </test-method> <!-- springTestContextAfterTestMethod -->
        <test-method status="PASS" signature="springTestContextAfterTestClass()[pri:0, instance:com.nuance.him.config.account.AccountControllerConfigTest@551bdc27]" name="springTestContextAfterTestClass" is-config="true" duration-ms="0" started-at="2019-01-17T12:51:03 IST" finished-at="2019-01-17T12:51:03 IST">
          <reporter-output>
          </reporter-output>
        </test-method> <!-- springTestContextAfterTestClass -->
      </class> <!-- com.nuance.him.config.account.AccountControllerConfigTest -->
      <class name="com.nuance.him.config.account.AccountDaoConfigTest">
        <test-method status="PASS" signature="springTestContextBeforeTestClass()[pri:0, instance:com.nuance.him.config.account.AccountDaoConfigTest@58fdd99]" name="springTestContextBeforeTestClass" is-config="true" duration-ms="1" started-at="2019-01-17T12:51:03 IST" finished-at="2019-01-17T12:51:03 IST">
          <reporter-output>
          </reporter-output>
        </test-method> <!-- springTestContextBeforeTestClass -->
        <test-method status="PASS" signature="springTestContextPrepareTestInstance()[pri:0, instance:com.nuance.him.config.account.AccountDaoConfigTest@58fdd99]" name="springTestContextPrepareTestInstance" is-config="true" duration-ms="33" started-at="2019-01-17T12:51:03 IST" depends-on-methods="org.springframework.test.context.testng.AbstractTestNGSpringContextTests.springTestContextBeforeTestClass" finished-at="2019-01-17T12:51:03 IST">
          <reporter-output>
          </reporter-output>
        </test-method> <!-- springTestContextPrepareTestInstance -->
        <test-method status="PASS" signature="springTestContextBeforeTestMethod(java.lang.reflect.Method)[pri:0, instance:com.nuance.him.config.account.AccountDaoConfigTest@58fdd99]" name="springTestContextBeforeTestMethod" is-config="true" duration-ms="0" started-at="2019-01-17T12:51:03 IST" finished-at="2019-01-17T12:51:03 IST">
          <params>
            <param index="0">
              <value>
                <![CDATA[public void com.nuance.him.config.account.AccountDaoConfigTest.testAccountDao()]]>
              </value>
            </param>
          </params>
          <reporter-output>
          </reporter-output>
        </test-method> <!-- springTestContextBeforeTestMethod -->
        <test-method status="PASS" signature="testAccountDao()[pri:0, instance:com.nuance.him.config.account.AccountDaoConfigTest@58fdd99]" name="testAccountDao" duration-ms="0" started-at="2019-01-17T12:51:03 IST" finished-at="2019-01-17T12:51:03 IST">
          <reporter-output>
          </reporter-output>
        </test-method> <!-- testAccountDao -->
        <test-method status="PASS" signature="springTestContextAfterTestMethod(java.lang.reflect.Method)[pri:0, instance:com.nuance.him.config.account.AccountDaoConfigTest@58fdd99]" name="springTestContextAfterTestMethod" is-config="true" duration-ms="0" started-at="2019-01-17T12:51:03 IST" finished-at="2019-01-17T12:51:03 IST">
          <params>
            <param index="0">
              <value>
                <![CDATA[public void com.nuance.him.config.account.AccountDaoConfigTest.testAccountDao()]]>
              </value>
            </param>
          </params>
          <reporter-output>
          </reporter-output>
        </test-method> <!-- springTestContextAfterTestMethod -->
        <test-method status="PASS" signature="springTestContextAfterTestClass()[pri:0, instance:com.nuance.him.config.account.AccountDaoConfigTest@58fdd99]" name="springTestContextAfterTestClass" is-config="true" duration-ms="1" started-at="2019-01-17T12:51:03 IST" finished-at="2019-01-17T12:51:03 IST">
          <reporter-output>
          </reporter-output>
        </test-method> <!-- springTestContextAfterTestClass -->
      </class> <!-- com.nuance.him.config.account.AccountDaoConfigTest -->
      <class name="com.nuance.him.config.transaction.TransactionControllerConfigTest">
        <test-method status="PASS" signature="springTestContextPrepareTestInstance()[pri:0, instance:com.nuance.him.config.transaction.TransactionControllerConfigTest@7364985f]" name="springTestContextPrepareTestInstance" is-config="true" duration-ms="177" started-at="2019-01-17T12:51:03 IST" depends-on-methods="org.springframework.test.context.testng.AbstractTestNGSpringContextTests.springTestContextBeforeTestClass" finished-at="2019-01-17T12:51:03 IST">
          <reporter-output>
          </reporter-output>
        </test-method> <!-- springTestContextPrepareTestInstance -->
        <test-method status="PASS" signature="springTestContextBeforeTestClass()[pri:0, instance:com.nuance.him.config.transaction.TransactionControllerConfigTest@7364985f]" name="springTestContextBeforeTestClass" is-config="true" duration-ms="0" started-at="2019-01-17T12:51:03 IST" finished-at="2019-01-17T12:51:03 IST">
          <reporter-output>
          </reporter-output>
        </test-method> <!-- springTestContextBeforeTestClass -->
        <test-method status="PASS" signature="springTestContextBeforeTestMethod(java.lang.reflect.Method)[pri:0, instance:com.nuance.him.config.transaction.TransactionControllerConfigTest@7364985f]" name="springTestContextBeforeTestMethod" is-config="true" duration-ms="1" started-at="2019-01-17T12:51:03 IST" finished-at="2019-01-17T12:51:03 IST">
          <params>
            <param index="0">
              <value>
                <![CDATA[public void com.nuance.him.config.transaction.TransactionControllerConfigTest.testAccountDAO()]]>
              </value>
            </param>
          </params>
          <reporter-output>
          </reporter-output>
        </test-method> <!-- springTestContextBeforeTestMethod -->
        <test-method status="PASS" signature="testAccountDAO()[pri:0, instance:com.nuance.him.config.transaction.TransactionControllerConfigTest@7364985f]" name="testAccountDAO" duration-ms="1" started-at="2019-01-17T12:51:03 IST" finished-at="2019-01-17T12:51:03 IST">
          <reporter-output>
          </reporter-output>
        </test-method> <!-- testAccountDAO -->
        <test-method status="PASS" signature="springTestContextAfterTestMethod(java.lang.reflect.Method)[pri:0, instance:com.nuance.him.config.transaction.TransactionControllerConfigTest@7364985f]" name="springTestContextAfterTestMethod" is-config="true" duration-ms="1" started-at="2019-01-17T12:51:03 IST" finished-at="2019-01-17T12:51:03 IST">
          <params>
            <param index="0">
              <value>
                <![CDATA[public void com.nuance.him.config.transaction.TransactionControllerConfigTest.testAccountDAO()]]>
              </value>
            </param>
          </params>
          <reporter-output>
          </reporter-output>
        </test-method> <!-- springTestContextAfterTestMethod -->
        <test-method status="PASS" signature="springTestContextAfterTestClass()[pri:0, instance:com.nuance.him.config.transaction.TransactionControllerConfigTest@7364985f]" name="springTestContextAfterTestClass" is-config="true" duration-ms="0" started-at="2019-01-17T12:51:03 IST" finished-at="2019-01-17T12:51:03 IST">
          <reporter-output>
          </reporter-output>
        </test-method> <!-- springTestContextAfterTestClass -->
      </class> <!-- com.nuance.him.config.transaction.TransactionControllerConfigTest -->
      <class name="com.nuance.him.config.transaction.TransactionServiceConfigTest">
        <test-method status="PASS" signature="springTestContextPrepareTestInstance()[pri:0, instance:com.nuance.him.config.transaction.TransactionServiceConfigTest@709ba3fb]" name="springTestContextPrepareTestInstance" is-config="true" duration-ms="26" started-at="2019-01-17T12:51:03 IST" depends-on-methods="org.springframework.test.context.testng.AbstractTestNGSpringContextTests.springTestContextBeforeTestClass" finished-at="2019-01-17T12:51:03 IST">
          <reporter-output>
          </reporter-output>
        </test-method> <!-- springTestContextPrepareTestInstance -->
        <test-method status="PASS" signature="springTestContextBeforeTestClass()[pri:0, instance:com.nuance.him.config.transaction.TransactionServiceConfigTest@709ba3fb]" name="springTestContextBeforeTestClass" is-config="true" duration-ms="0" started-at="2019-01-17T12:51:03 IST" finished-at="2019-01-17T12:51:03 IST">
          <reporter-output>
          </reporter-output>
        </test-method> <!-- springTestContextBeforeTestClass -->
        <test-method status="PASS" signature="testTransactionServices()[pri:0, instance:com.nuance.him.config.transaction.TransactionServiceConfigTest@709ba3fb]" name="testTransactionServices" duration-ms="0" started-at="2019-01-17T12:51:03 IST" finished-at="2019-01-17T12:51:03 IST">
          <reporter-output>
          </reporter-output>
        </test-method> <!-- testTransactionServices -->
        <test-method status="PASS" signature="springTestContextBeforeTestMethod(java.lang.reflect.Method)[pri:0, instance:com.nuance.him.config.transaction.TransactionServiceConfigTest@709ba3fb]" name="springTestContextBeforeTestMethod" is-config="true" duration-ms="0" started-at="2019-01-17T12:51:03 IST" finished-at="2019-01-17T12:51:03 IST">
          <params>
            <param index="0">
              <value>
                <![CDATA[public void com.nuance.him.config.transaction.TransactionServiceConfigTest.testTransactionServices()]]>
              </value>
            </param>
          </params>
          <reporter-output>
          </reporter-output>
        </test-method> <!-- springTestContextBeforeTestMethod -->
        <test-method status="PASS" signature="springTestContextAfterTestMethod(java.lang.reflect.Method)[pri:0, instance:com.nuance.him.config.transaction.TransactionServiceConfigTest@709ba3fb]" name="springTestContextAfterTestMethod" is-config="true" duration-ms="1" started-at="2019-01-17T12:51:03 IST" finished-at="2019-01-17T12:51:03 IST">
          <params>
            <param index="0">
              <value>
                <![CDATA[public void com.nuance.him.config.transaction.TransactionServiceConfigTest.testTransactionServices()]]>
              </value>
            </param>
          </params>
          <reporter-output>
          </reporter-output>
        </test-method> <!-- springTestContextAfterTestMethod -->
        <test-method status="PASS" signature="springTestContextAfterTestClass()[pri:0, instance:com.nuance.him.config.transaction.TransactionServiceConfigTest@709ba3fb]" name="springTestContextAfterTestClass" is-config="true" duration-ms="0" started-at="2019-01-17T12:51:03 IST" finished-at="2019-01-17T12:51:03 IST">
          <reporter-output>
          </reporter-output>
        </test-method> <!-- springTestContextAfterTestClass -->
      </class> <!-- com.nuance.him.config.transaction.TransactionServiceConfigTest -->
      <class name="com.nuance.him.config.customer.CustomerServicesConfigTest">
        <test-method status="PASS" signature="springTestContextBeforeTestClass()[pri:0, instance:com.nuance.him.config.customer.CustomerServicesConfigTest@ba8d91c]" name="springTestContextBeforeTestClass" is-config="true" duration-ms="1" started-at="2019-01-17T12:51:03 IST" finished-at="2019-01-17T12:51:03 IST">
          <reporter-output>
          </reporter-output>
        </test-method> <!-- springTestContextBeforeTestClass -->
        <test-method status="PASS" signature="springTestContextPrepareTestInstance()[pri:0, instance:com.nuance.him.config.customer.CustomerServicesConfigTest@ba8d91c]" name="springTestContextPrepareTestInstance" is-config="true" duration-ms="42" started-at="2019-01-17T12:51:03 IST" depends-on-methods="org.springframework.test.context.testng.AbstractTestNGSpringContextTests.springTestContextBeforeTestClass" finished-at="2019-01-17T12:51:03 IST">
          <reporter-output>
          </reporter-output>
        </test-method> <!-- springTestContextPrepareTestInstance -->
        <test-method status="PASS" signature="springTestContextBeforeTestMethod(java.lang.reflect.Method)[pri:0, instance:com.nuance.him.config.customer.CustomerServicesConfigTest@ba8d91c]" name="springTestContextBeforeTestMethod" is-config="true" duration-ms="1" started-at="2019-01-17T12:51:03 IST" finished-at="2019-01-17T12:51:03 IST">
          <params>
            <param index="0">
              <value>
                <![CDATA[public void com.nuance.him.config.customer.CustomerServicesConfigTest.testCustomerServices()]]>
              </value>
            </param>
          </params>
          <reporter-output>
          </reporter-output>
        </test-method> <!-- springTestContextBeforeTestMethod -->
        <test-method status="PASS" signature="springTestContextAfterTestMethod(java.lang.reflect.Method)[pri:0, instance:com.nuance.him.config.customer.CustomerServicesConfigTest@ba8d91c]" name="springTestContextAfterTestMethod" is-config="true" duration-ms="1" started-at="2019-01-17T12:51:03 IST" finished-at="2019-01-17T12:51:03 IST">
          <params>
            <param index="0">
              <value>
                <![CDATA[public void com.nuance.him.config.customer.CustomerServicesConfigTest.testCustomerServices()]]>
              </value>
            </param>
          </params>
          <reporter-output>
          </reporter-output>
        </test-method> <!-- springTestContextAfterTestMethod -->
        <test-method status="PASS" signature="testCustomerServices()[pri:0, instance:com.nuance.him.config.customer.CustomerServicesConfigTest@ba8d91c]" name="testCustomerServices" duration-ms="0" started-at="2019-01-17T12:51:03 IST" finished-at="2019-01-17T12:51:03 IST">
          <reporter-output>
          </reporter-output>
        </test-method> <!-- testCustomerServices -->
        <test-method status="PASS" signature="springTestContextAfterTestClass()[pri:0, instance:com.nuance.him.config.customer.CustomerServicesConfigTest@ba8d91c]" name="springTestContextAfterTestClass" is-config="true" duration-ms="0" started-at="2019-01-17T12:51:03 IST" finished-at="2019-01-17T12:51:03 IST">
          <reporter-output>
          </reporter-output>
        </test-method> <!-- springTestContextAfterTestClass -->
      </class> <!-- com.nuance.him.config.customer.CustomerServicesConfigTest -->
    </test> <!-- Surefire test -->
  </suite> <!-- Surefire suite -->
</testng-results>
